Log file open, 11/29/19 20:25:25
LogWindows: Failed to load 'aqProf.dll' (GetLastError=126)
LogWindows: File 'aqProf.dll' does not exist
LogWindows: Failed to load 'VtuneApi.dll' (GetLastError=126)
LogWindows: File 'VtuneApi.dll' does not exist
LogWindows: Failed to load 'VtuneApi32e.dll' (GetLastError=126)
LogWindows: File 'VtuneApi32e.dll' does not exist
LogConsoleResponse: Display: Failed to find resolution value strings in scalability ini. Falling back to default.
LogInit: Display: Running engine for game: ZombieGame
LogPakFile: Registered encryption key '00000000000000000000000000000000': 0 pak files mounted, 0 remain pending
LogPlatformFile: Not using cached read wrapper
LogTaskGraph: Started task graph with 5 named threads and 23 total threads with 3 sets of task threads.
LogStats: Stats thread started at 0.290515
LogD3D11RHI: Loaded GFSDK_Aftermath_Lib.x64.dll
LogICUInternationalization: ICU TimeZone Detection - Raw Offset: +0:00, Platform Override: ''
LogPluginManager: Mounting plugin Paper2D
LogPluginManager: Mounting plugin AISupport
LogPluginManager: Mounting plugin LightPropagationVolume
LogPluginManager: Mounting plugin ActorLayerUtilities
LogPluginManager: Mounting plugin AnimationSharing
LogPluginManager: Mounting plugin CLionSourceCodeAccess
LogPluginManager: Mounting plugin CodeLiteSourceCodeAccess
LogPluginManager: Mounting plugin GitSourceControl
LogPluginManager: Mounting plugin KDevelopSourceCodeAccess
LogPluginManager: Mounting plugin NullSourceCodeAccess
LogPluginManager: Mounting plugin PerforceSourceControl
LogPluginManager: Mounting plugin SubversionSourceControl
LogPluginManager: Mounting plugin UObjectPlugin
LogPluginManager: Mounting plugin VisualStudioCodeSourceCodeAccess
LogPluginManager: Mounting plugin VisualStudioSourceCodeAccess
LogPluginManager: Mounting plugin XCodeSourceCodeAccess
LogPluginManager: Mounting plugin AssetManagerEditor
LogPluginManager: Mounting plugin CryptoKeys
LogPluginManager: Mounting plugin DataValidation
LogPluginManager: Mounting plugin FacialAnimation
LogPluginManager: Mounting plugin GameplayTagsEditor
LogPluginManager: Mounting plugin MacGraphicsSwitching
LogPluginManager: Mounting plugin MaterialAnalyzer
LogPluginManager: Mounting plugin MobileLauncherProfileWizard
LogPluginManager: Mounting plugin PluginBrowser
LogPluginManager: Mounting plugin SpeedTreeImporter
LogPluginManager: Mounting plugin DatasmithContent
LogPluginManager: Mounting plugin VariantManagerContent
LogPluginManager: Mounting plugin AlembicImporter
LogPluginManager: Mounting plugin AppleImageUtils
LogPluginManager: Mounting plugin AppleVision
LogPluginManager: Mounting plugin BackChannel
LogPluginManager: Mounting plugin CharacterAI
LogPluginManager: Mounting plugin GeometryCache
LogPluginManager: Mounting plugin HTML5Networking
LogPluginManager: Mounting plugin ProxyLODPlugin
LogPluginManager: Mounting plugin SkeletalReduction
LogPluginManager: Mounting plugin MagicLeap
LogPluginManager: Mounting plugin MagicLeapMedia
LogPluginManager: Mounting plugin AndroidMedia
LogPluginManager: Mounting plugin AvfMedia
LogPluginManager: Mounting plugin ImgMedia
LogPluginManager: Mounting plugin LinearTimecode
LogPluginManager: Mounting plugin MediaCompositing
LogPluginManager: Mounting plugin MediaPlayerEditor
LogPluginManager: Mounting plugin WebMMedia
LogPluginManager: Mounting plugin WmfMedia
LogPluginManager: Mounting plugin TcpMessaging
LogPluginManager: Mounting plugin UdpMessaging
LogPluginManager: Mounting plugin ActorSequence
LogPluginManager: Mounting plugin LevelSequenceEditor
LogPluginManager: Mounting plugin MatineeToLevelSequence
LogPluginManager: Mounting plugin NetcodeUnitTest
LogPluginManager: Mounting plugin NUTUnrealEngine4
LogPluginManager: Mounting plugin OnlineSubsystemGooglePlay
LogPluginManager: Mounting plugin OnlineSubsystemIOS
LogPluginManager: Mounting plugin OnlineSubsystem
LogPluginManager: Mounting plugin OnlineSubsystemNull
LogPluginManager: Mounting plugin OnlineSubsystemUtils
LogPluginManager: Mounting plugin LauncherChunkInstaller
LogPluginManager: Mounting plugin AndroidDeviceProfileSelector
LogPluginManager: Mounting plugin AndroidMoviePlayer
LogPluginManager: Mounting plugin AndroidPermission
LogPluginManager: Mounting plugin AppleMoviePlayer
LogPluginManager: Mounting plugin ArchVisCharacter
LogPluginManager: Mounting plugin AudioCapture
LogPluginManager: Mounting plugin CableComponent
LogPluginManager: Mounting plugin CustomMeshComponent
LogPluginManager: Mounting plugin EditableMesh
LogPluginManager: Mounting plugin ExampleDeviceProfileSelector
LogPluginManager: Mounting plugin Firebase
LogPluginManager: Mounting plugin GoogleCloudMessaging
LogPluginManager: Mounting plugin IOSDeviceProfileSelector
LogPluginManager: Mounting plugin LinuxDeviceProfileSelector
LogPluginManager: Mounting plugin LocationServicesBPLibrary
LogPluginManager: Mounting plugin MobilePatchingUtils
LogPluginManager: Mounting plugin OculusVR
LogPluginManager: Mounting plugin PhysXVehicles
LogPluginManager: Mounting plugin ProceduralMeshComponent
LogPluginManager: Mounting plugin RuntimePhysXCooking
LogPluginManager: Mounting plugin SignificanceManager
LogPluginManager: Mounting plugin SteamVR
LogPluginManager: Mounting plugin WebMMoviePlayer
LogPluginManager: Mounting plugin WindowsMoviePlayer
LogInit: Using libcurl 7.55.1-DEV
LogInit:  - built for x86_64-pc-win32
LogInit:  - supports SSL with OpenSSL/1.1.1
LogInit:  - supports HTTP deflate (compression) using libz 1.2.8
LogInit:  - other features:
LogInit:      CURL_VERSION_SSL
LogInit:      CURL_VERSION_LIBZ
LogInit:      CURL_VERSION_IPV6
LogInit:      CURL_VERSION_ASYNCHDNS
LogInit:      CURL_VERSION_LARGEFILE
LogInit:      CURL_VERSION_IDN
LogInit:  CurlRequestOptions (configurable via config and command line):
LogInit:  - bVerifyPeer = true  - Libcurl will verify peer certificate
LogInit:  - bUseHttpProxy = false  - Libcurl will NOT use HTTP proxy
LogInit:  - bDontReuseConnections = false  - Libcurl will reuse connections
LogInit:  - MaxHostConnections = 16  - Libcurl will limit the number of connections to a host
LogInit:  - LocalHostAddr = Default
LogInit:  - BufferSize = 65536
LogInit: WinSock: version 1.1 (2.2), MaxSocks=32767, MaxUdp=65467
LogInit: Build: ++UE4+Release-4.22-CL-7053642
LogInit: Engine Version: 4.22.3-7053642+++UE4+Release-4.22
LogInit: Compatible Engine Version: 4.22.0-5660361+++UE4+Release-4.22
LogInit: Net CL: 5660361
LogInit: OS: Windows 10 (Release 1903) (), CPU: Intel(R) Core(TM) i7-7700HQ CPU @ 2.80GHz, GPU: Intel(R) HD Graphics 630
LogInit: Compiled (64-bit): Jun 18 2019 03:09:11
LogInit: Compiled with Visual C++: 19.16.27025.01
LogInit: Build Configuration: Development
LogInit: Branch Name: ++UE4+Release-4.22
LogInit: Command Line: 
LogInit: Base Directory: C:/Program Files/Epic Games/UE_4.22/Engine/Binaries/Win64/
LogInit: Installed Engine Build: 1
LogDevObjectVersion: Number of dev versions registered: 23
LogDevObjectVersion:   Dev-Blueprints (B0D832E4-1F89-4F0D-ACCF-7EB736FD4AA2): 10
LogDevObjectVersion:   Dev-Build (E1C64328-A22C-4D53-A36C-8E866417BD8C): 0
LogDevObjectVersion:   Dev-Core (375EC13C-06E4-48FB-B500-84F0262A717E): 3
LogDevObjectVersion:   Dev-Editor (E4B068ED-F494-42E9-A231-DA0B2E46BB41): 30
LogDevObjectVersion:   Dev-Framework (CFFC743F-43B0-4480-9391-14DF171D2073): 35
LogDevObjectVersion:   Dev-Mobile (B02B49B5-BB20-44E9-A304-32B752E40360): 2
LogDevObjectVersion:   Dev-Networking (A4E4105C-59A1-49B5-A7C5-40C4547EDFEE): 0
LogDevObjectVersion:   Dev-Online (39C831C9-5AE6-47DC-9A44-9C173E1C8E7C): 0
LogDevObjectVersion:   Dev-Physics (78F01B33-EBEA-4F98-B9B4-84EACCB95AA2): 0
LogDevObjectVersion:   Dev-Platform (6631380F-2D4D-43E0-8009-CF276956A95A): 0
LogDevObjectVersion:   Dev-Rendering (12F88B9F-8875-4AFC-A67C-D90C383ABD29): 28
LogDevObjectVersion:   Dev-Sequencer (7B5AE74C-D270-4C10-A958-57980B212A5A): 11
LogDevObjectVersion:   Dev-VR (D7296918-1DD6-4BDD-9DE2-64A83CC13884): 2
LogDevObjectVersion:   Dev-LoadTimes (C2A15278-BFE7-4AFE-6C17-90FF531DF755): 1
LogDevObjectVersion:   Private-Geometry (6EACA3D4-40EC-4CC1-B786-8BED09428FC5): 3
LogDevObjectVersion:   Dev-AnimPhys (29E575DD-E0A3-4627-9D10-D276232CDCEA): 17
LogDevObjectVersion:   Dev-Anim (AF43A65D-7FD3-4947-9873-3E8ED9C1BB05): 2
LogDevObjectVersion:   Dev-ReflectionCapture (6B266CEC-1EC7-4B8F-A30B-E4D90942FC07): 1
LogDevObjectVersion:   Dev-Automation (0DF73D61-A23F-47EA-B727-89E90C41499A): 1
LogDevObjectVersion:   FortniteMain (601D1886-AC64-4F84-AA16-D3DE0DEAC7D6): 25
LogDevObjectVersion:   Dev-Enterprise (9DFFBCD6-494F-0158-E221-12823C92A888): 6
LogDevObjectVersion:   Dev-Niagara (F2AED0AC-9AFE-416F-8664-AA7FFA26D6FC): 1
LogDevObjectVersion:   Dev-Destruction (174F1F0B-B4C6-45A5-B13F-2EE8D0FB917D): 2
LogInit: Presizing for max 16777216 objects, including 0 objects not considered by GC, pre-allocating 0 bytes for permanent pool.
LogInit: Object subsystem initialized
LogConfig: Setting CVar [[con.DebugEarlyDefault:1]]
LogConfig: Setting CVar [[r.setres:1280x720]]
[2019.11.29-20.25.25:643][  0]LogConfig: Setting CVar [[r.VSync:0]]
[2019.11.29-20.25.25:643][  0]LogConfig: Setting CVar [[r.RHICmdBypass:0]]
[2019.11.29-20.25.25:643][  0]LogConfig: Applying CVar settings from Section [/Script/Engine.RendererSettings] File [C:/Users/Pedro Santos/Unreal/5th Semester/RaceZone/ZombieGame/Saved/Config/Windows/Engine.ini]
[2019.11.29-20.25.25:643][  0]LogConfig: Setting CVar [[r.GPUCrashDebugging:0]]
[2019.11.29-20.25.25:643][  0]LogConfig: Setting CVar [[r.DefaultFeature.AutoExposure.ExtendDefaultLuminanceRange:1]]
[2019.11.29-20.25.25:643][  0]LogConfig: Applying CVar settings from Section [/Script/Engine.RendererOverrideSettings] File [C:/Users/Pedro Santos/Unreal/5th Semester/RaceZone/ZombieGame/Saved/Config/Windows/Engine.ini]
[2019.11.29-20.25.25:643][  0]LogConfig: Applying CVar settings from Section [/Script/Engine.StreamingSettings] File [C:/Users/Pedro Santos/Unreal/5th Semester/RaceZone/ZombieGame/Saved/Config/Windows/Engine.ini]
[2019.11.29-20.25.25:643][  0]LogConfig: Setting CVar [[s.MinBulkDataSizeForAsyncLoading:131072]]
[2019.11.29-20.25.25:643][  0]LogConfig: Setting CVar [[s.AsyncLoadingThreadEnabled:0]]
[2019.11.29-20.25.25:643][  0]LogConfig: Setting CVar [[s.EventDrivenLoaderEnabled:1]]
[2019.11.29-20.25.25:643][  0]LogConfig: Setting CVar [[s.WarnIfTimeLimitExceeded:0]]
[2019.11.29-20.25.25:643][  0]LogConfig: Setting CVar [[s.TimeLimitExceededMultiplier:1.5]]
[2019.11.29-20.25.25:643][  0]LogConfig: Setting CVar [[s.TimeLimitExceededMinTime:0.005]]
[2019.11.29-20.25.25:643][  0]LogConfig: Setting CVar [[s.UseBackgroundLevelStreaming:1]]
[2019.11.29-20.25.25:643][  0]LogConfig: Setting CVar [[s.PriorityAsyncLoadingExtraTime:15.0]]
[2019.11.29-20.25.25:643][  0]LogConfig: Setting CVar [[s.LevelStreamingActorsUpdateTimeLimit:5.0]]
[2019.11.29-20.25.25:643][  0]LogConfig: Setting CVar [[s.PriorityLevelStreamingActorsUpdateExtraTime:5.0]]
[2019.11.29-20.25.25:643][  0]LogConfig: Setting CVar [[s.LevelStreamingComponentsRegistrationGranularity:10]]
[2019.11.29-20.25.25:643][  0]LogConfig: Setting CVar [[s.UnregisterComponentsTimeLimit:1.0]]
[2019.11.29-20.25.25:643][  0]LogConfig: Setting CVar [[s.LevelStreamingComponentsUnregistrationGranularity:5]]
[2019.11.29-20.25.25:643][  0]LogConfig: Applying CVar settings from Section [/Script/Engine.GarbageCollectionSettings] File [C:/Users/Pedro Santos/Unreal/5th Semester/RaceZone/ZombieGame/Saved/Config/Windows/Engine.ini]
[2019.11.29-20.25.25:643][  0]LogConfig: Setting CVar [[gc.MaxObjectsNotConsideredByGC:1]]
[2019.11.29-20.25.25:643][  0]LogConfig: Setting CVar [[gc.SizeOfPermanentObjectPool:0]]
[2019.11.29-20.25.25:643][  0]LogConfig: Setting CVar [[gc.FlushStreamingOnGC:0]]
[2019.11.29-20.25.25:643][  0]LogConfig: Setting CVar [[gc.NumRetriesBeforeForcingGC:10]]
[2019.11.29-20.25.25:643][  0]LogConfig: Setting CVar [[gc.AllowParallelGC:1]]
[2019.11.29-20.25.25:643][  0]LogConfig: Setting CVar [[gc.TimeBetweenPurgingPendingKillObjects:61.1]]
[2019.11.29-20.25.25:643][  0]LogConfig: Setting CVar [[gc.MaxObjectsInEditor:16777216]]
[2019.11.29-20.25.25:643][  0]LogConfig: Setting CVar [[gc.IncrementalBeginDestroyEnabled:1]]
[2019.11.29-20.25.25:643][  0]LogConfig: Setting CVar [[gc.CreateGCClusters:1]]
[2019.11.29-20.25.25:643][  0]LogConfig: Setting CVar [[gc.MinGCClusterSize:5]]
[2019.11.29-20.25.25:643][  0]LogConfig: Setting CVar [[gc.ActorClusteringEnabled:0]]
[2019.11.29-20.25.25:643][  0]LogConfig: Setting CVar [[gc.BlueprintClusteringEnabled:0]]
[2019.11.29-20.25.25:643][  0]LogConfig: Setting CVar [[gc.UseDisregardForGCOnDedicatedServers:0]]
[2019.11.29-20.25.25:643][  0]LogConfig: Applying CVar settings from Section [/Script/Engine.NetworkSettings] File [C:/Users/Pedro Santos/Unreal/5th Semester/RaceZone/ZombieGame/Saved/Config/Windows/Engine.ini]
[2019.11.29-20.25.25:643][  0]LogConfig: Applying CVar settings from Section [/Script/UnrealEd.CookerSettings] File [C:/Users/Pedro Santos/Unreal/5th Semester/RaceZone/ZombieGame/Saved/Config/Windows/Engine.ini]
[2019.11.29-20.25.25:646][  0]LogConfig: Applying CVar settings from Section [ViewDistanceQuality@3] File [C:/Users/Pedro Santos/Unreal/5th Semester/RaceZone/ZombieGame/Saved/Config/Windows/Scalability.ini]
[2019.11.29-20.25.25:646][  0]LogConfig: Setting CVar [[r.SkeletalMeshLODBias:0]]
[2019.11.29-20.25.25:646][  0]LogConfig: Setting CVar [[r.ViewDistanceScale:1.0]]
[2019.11.29-20.25.25:646][  0]LogConfig: Applying CVar settings from Section [AntiAliasingQuality@3] File [C:/Users/Pedro Santos/Unreal/5th Semester/RaceZone/ZombieGame/Saved/Config/Windows/Scalability.ini]
[2019.11.29-20.25.25:646][  0]LogConfig: Setting CVar [[r.PostProcessAAQuality:4]]
[2019.11.29-20.25.25:646][  0]LogConfig: Applying CVar settings from Section [ShadowQuality@3] File [C:/Users/Pedro Santos/Unreal/5th Semester/RaceZone/ZombieGame/Saved/Config/Windows/Scalability.ini]
[2019.11.29-20.25.25:646][  0]LogConfig: Setting CVar [[r.LightFunctionQuality:1]]
[2019.11.29-20.25.25:646][  0]LogConfig: Setting CVar [[r.ShadowQuality:5]]
[2019.11.29-20.25.25:646][  0]LogConfig: Setting CVar [[r.Shadow.CSM.MaxCascades:10]]
[2019.11.29-20.25.25:646][  0]LogConfig: Setting CVar [[r.Shadow.MaxResolution:2048]]
[2019.11.29-20.25.25:646][  0]LogConfig: Setting CVar [[r.Shadow.MaxCSMResolution:2048]]
[2019.11.29-20.25.25:646][  0]LogConfig: Setting CVar [[r.Shadow.RadiusThreshold:0.01]]
[2019.11.29-20.25.25:646][  0]LogConfig: Setting CVar [[r.Shadow.DistanceScale:1.0]]
[2019.11.29-20.25.25:646][  0]LogConfig: Setting CVar [[r.Shadow.CSM.TransitionScale:1.0]]
[2019.11.29-20.25.25:646][  0]LogConfig: Setting CVar [[r.Shadow.PreShadowResolutionFactor:1.0]]
[2019.11.29-20.25.25:646][  0]LogConfig: Setting CVar [[r.DistanceFieldShadowing:1]]
[2019.11.29-20.25.25:646][  0]LogConfig: Setting CVar [[r.DistanceFieldAO:1]]
[2019.11.29-20.25.25:646][  0]LogConfig: Setting CVar [[r.AOQuality:2]]
[2019.11.29-20.25.25:646][  0]LogConfig: Setting CVar [[r.VolumetricFog:1]]
[2019.11.29-20.25.25:646][  0]LogConfig: Setting CVar [[r.VolumetricFog.GridPixelSize:8]]
[2019.11.29-20.25.25:646][  0]LogConfig: Setting CVar [[r.VolumetricFog.GridSizeZ:128]]
[2019.11.29-20.25.25:646][  0]LogConfig: Setting CVar [[r.VolumetricFog.HistoryMissSupersampleCount:4]]
[2019.11.29-20.25.25:646][  0]LogConfig: Setting CVar [[r.LightMaxDrawDistanceScale:1]]
[2019.11.29-20.25.25:646][  0]LogConfig: Setting CVar [[r.CapsuleShadows:1]]
[2019.11.29-20.25.25:646][  0]LogConfig: Applying CVar settings from Section [PostProcessQuality@3] File [C:/Users/Pedro Santos/Unreal/5th Semester/RaceZone/ZombieGame/Saved/Config/Windows/Scalability.ini]
[2019.11.29-20.25.25:646][  0]LogConfig: Setting CVar [[r.MotionBlurQuality:4]]
[2019.11.29-20.25.25:646][  0]LogConfig: Setting CVar [[r.AmbientOcclusionMipLevelFactor:0.4]]
[2019.11.29-20.25.25:646][  0]LogConfig: Setting CVar [[r.AmbientOcclusionMaxQuality:100]]
[2019.11.29-20.25.25:646][  0]LogConfig: Setting CVar [[r.AmbientOcclusionLevels:-1]]
[2019.11.29-20.25.25:647][  0]LogConfig: Setting CVar [[r.AmbientOcclusionRadiusScale:1.0]]
[2019.11.29-20.25.25:647][  0]LogConfig: Setting CVar [[r.DepthOfFieldQuality:2]]
[2019.11.29-20.25.25:647][  0]LogConfig: Setting CVar [[r.RenderTargetPoolMin:400]]
[2019.11.29-20.25.25:647][  0]LogConfig: Setting CVar [[r.LensFlareQuality:2]]
[2019.11.29-20.25.25:647][  0]LogConfig: Setting CVar [[r.SceneColorFringeQuality:1]]
[2019.11.29-20.25.25:647][  0]LogConfig: Setting CVar [[r.EyeAdaptationQuality:2]]
[2019.11.29-20.25.25:647][  0]LogConfig: Setting CVar [[r.BloomQuality:5]]
[2019.11.29-20.25.25:647][  0]LogConfig: Setting CVar [[r.FastBlurThreshold:100]]
[2019.11.29-20.25.25:647][  0]LogConfig: Setting CVar [[r.Upscale.Quality:3]]
[2019.11.29-20.25.25:647][  0]LogConfig: Setting CVar [[r.Tonemapper.GrainQuantization:1]]
[2019.11.29-20.25.25:647][  0]LogConfig: Setting CVar [[r.LightShaftQuality:1]]
[2019.11.29-20.25.25:647][  0]LogConfig: Setting CVar [[r.Filter.SizeScale:1]]
[2019.11.29-20.25.25:647][  0]LogConfig: Setting CVar [[r.Tonemapper.Quality:5]]
[2019.11.29-20.25.25:647][  0]LogConfig: Setting CVar [[r.DOF.Gather.AccumulatorQuality:1        ; higher gathering accumulator quality]]
[2019.11.29-20.25.25:647][  0]LogConfig: Setting CVar [[r.DOF.Gather.PostfilterMethod:1          ; Median3x3 postfilering method]]
[2019.11.29-20.25.25:647][  0]LogConfig: Setting CVar [[r.DOF.Gather.EnableBokehSettings:0       ; no bokeh simulation when gathering]]
[2019.11.29-20.25.25:647][  0]LogConfig: Setting CVar [[r.DOF.Gather.RingCount:4                 ; medium number of samples when gathering]]
[2019.11.29-20.25.25:647][  0]LogConfig: Setting CVar [[r.DOF.Scatter.ForegroundCompositing:1    ; additive foreground scattering]]
[2019.11.29-20.25.25:647][  0]LogConfig: Setting CVar [[r.DOF.Scatter.BackgroundCompositing:2    ; additive background scattering]]
[2019.11.29-20.25.25:647][  0]LogConfig: Setting CVar [[r.DOF.Scatter.EnableBokehSettings:1      ; bokeh simulation when scattering]]
[2019.11.29-20.25.25:647][  0]LogConfig: Setting CVar [[r.DOF.Scatter.MaxSpriteRatio:0.1         ; only a maximum of 10% of scattered bokeh]]
[2019.11.29-20.25.25:647][  0]LogConfig: Setting CVar [[r.DOF.Recombine.Quality:1                ; cheap slight out of focus]]
[2019.11.29-20.25.25:647][  0]LogConfig: Setting CVar [[r.DOF.Recombine.EnableBokehSettings:0    ; no bokeh simulation on slight out of focus]]
[2019.11.29-20.25.25:647][  0]LogConfig: Setting CVar [[r.DOF.TemporalAAQuality:1                ; more stable temporal accumulation]]
[2019.11.29-20.25.25:647][  0]LogConfig: Setting CVar [[r.DOF.Kernel.MaxForegroundRadius:0.025]]
[2019.11.29-20.25.25:647][  0]LogConfig: Setting CVar [[r.DOF.Kernel.MaxBackgroundRadius:0.025]]
[2019.11.29-20.25.25:647][  0]LogConfig: Applying CVar settings from Section [TextureQuality@3] File [C:/Users/Pedro Santos/Unreal/5th Semester/RaceZone/ZombieGame/Saved/Config/Windows/Scalability.ini]
[2019.11.29-20.25.25:647][  0]LogConfig: Setting CVar [[r.Streaming.MipBias:0]]
[2019.11.29-20.25.25:647][  0]LogConfig: Setting CVar [[r.Streaming.AmortizeCPUToGPUCopy:0]]
[2019.11.29-20.25.25:647][  0]LogConfig: Setting CVar [[r.Streaming.MaxNumTexturesToStreamPerFrame:0]]
[2019.11.29-20.25.25:647][  0]LogConfig: Setting CVar [[r.Streaming.Boost:1]]
[2019.11.29-20.25.25:647][  0]LogConfig: Setting CVar [[r.MaxAnisotropy:8]]
[2019.11.29-20.25.25:647][  0]LogConfig: Setting CVar [[r.Streaming.LimitPoolSizeToVRAM:0]]
[2019.11.29-20.25.25:647][  0]LogConfig: Setting CVar [[r.Streaming.PoolSize:1000]]
[2019.11.29-20.25.25:647][  0]LogConfig: Setting CVar [[r.Streaming.MaxEffectiveScreenSize:0]]
[2019.11.29-20.25.25:647][  0]LogConfig: Applying CVar settings from Section [EffectsQuality@3] File [C:/Users/Pedro Santos/Unreal/5th Semester/RaceZone/ZombieGame/Saved/Config/Windows/Scalability.ini]
[2019.11.29-20.25.25:647][  0]LogConfig: Setting CVar [[r.TranslucencyLightingVolumeDim:64]]
[2019.11.29-20.25.25:647][  0]LogConfig: Setting CVar [[r.RefractionQuality:2]]
[2019.11.29-20.25.25:647][  0]LogConfig: Setting CVar [[r.SSR.Quality:3]]
[2019.11.29-20.25.25:647][  0]LogConfig: Setting CVar [[r.SceneColorFormat:4]]
[2019.11.29-20.25.25:647][  0]LogConfig: Setting CVar [[r.DetailMode:2]]
[2019.11.29-20.25.25:647][  0]LogConfig: Setting CVar [[r.TranslucencyVolumeBlur:1]]
[2019.11.29-20.25.25:647][  0]LogConfig: Setting CVar [[r.MaterialQualityLevel:1 ; High quality]]
[2019.11.29-20.25.25:647][  0]LogConfig: Setting CVar [[r.SSS.Scale:1]]
[2019.11.29-20.25.25:647][  0]LogConfig: Setting CVar [[r.SSS.SampleSet:2]]
[2019.11.29-20.25.25:647][  0]LogConfig: Setting CVar [[r.SSS.Quality:1]]
[2019.11.29-20.25.25:647][  0]LogConfig: Setting CVar [[r.SSS.HalfRes:1]]
[2019.11.29-20.25.25:647][  0]LogConfig: Setting CVar [[r.EmitterSpawnRateScale:1.0]]
[2019.11.29-20.25.25:647][  0]LogConfig: Setting CVar [[r.ParticleLightQuality:2]]
[2019.11.29-20.25.25:647][  0]LogConfig: Applying CVar settings from Section [FoliageQuality@3] File [C:/Users/Pedro Santos/Unreal/5th Semester/RaceZone/ZombieGame/Saved/Config/Windows/Scalability.ini]
[2019.11.29-20.25.25:647][  0]LogConfig: Setting CVar [[foliage.DensityScale:1.0]]
[2019.11.29-20.25.25:647][  0]LogConfig: Setting CVar [[grass.DensityScale:1.0]]
[2019.11.29-20.25.25:647][  0]LogInit: Selected Device Profile: [Windows]
[2019.11.29-20.25.25:647][  0]LogInit: Applying CVar settings loaded from the selected device profile: [Windows]
[2019.11.29-20.25.25:661][  0]LogHAL: Display: Platform has ~ 8 GB [8436961280 / 8589934592 / 8], which maps to Default [LargestMinGB=32, LargerMinGB=12, DefaultMinGB=8, SmallerMinGB=6, SmallestMinGB=0)
[2019.11.29-20.25.25:661][  0]LogConfig: Setting CVar [[r.Vulkan.UseRealUBs:0		; Required until we fix HLR fall-out]]
[2019.11.29-20.25.25:661][  0]LogInit: Going up to parent DeviceProfile []
[2019.11.29-20.25.25:662][  0]LogConfig: Applying CVar settings from Section [ViewDistanceQuality@3] File [C:/Users/Pedro Santos/Unreal/5th Semester/RaceZone/ZombieGame/Saved/Config/Windows/Scalability.ini]
[2019.11.29-20.25.25:662][  0]LogConfig: Setting CVar [[r.SkeletalMeshLODBias:0]]
[2019.11.29-20.25.25:662][  0]LogConfig: Setting CVar [[r.ViewDistanceScale:1.0]]
[2019.11.29-20.25.25:662][  0]LogConfig: Applying CVar settings from Section [AntiAliasingQuality@3] File [C:/Users/Pedro Santos/Unreal/5th Semester/RaceZone/ZombieGame/Saved/Config/Windows/Scalability.ini]
[2019.11.29-20.25.25:662][  0]LogConfig: Setting CVar [[r.PostProcessAAQuality:4]]
[2019.11.29-20.25.25:662][  0]LogConfig: Applying CVar settings from Section [ShadowQuality@3] File [C:/Users/Pedro Santos/Unreal/5th Semester/RaceZone/ZombieGame/Saved/Config/Windows/Scalability.ini]
[2019.11.29-20.25.25:662][  0]LogConfig: Setting CVar [[r.LightFunctionQuality:1]]
[2019.11.29-20.25.25:662][  0]LogConfig: Setting CVar [[r.ShadowQuality:5]]
[2019.11.29-20.25.25:662][  0]LogConfig: Setting CVar [[r.Shadow.CSM.MaxCascades:10]]
[2019.11.29-20.25.25:662][  0]LogConfig: Setting CVar [[r.Shadow.MaxResolution:2048]]
[2019.11.29-20.25.25:662][  0]LogConfig: Setting CVar [[r.Shadow.MaxCSMResolution:2048]]
[2019.11.29-20.25.25:662][  0]LogConfig: Setting CVar [[r.Shadow.RadiusThreshold:0.01]]
[2019.11.29-20.25.25:662][  0]LogConfig: Setting CVar [[r.Shadow.DistanceScale:1.0]]
[2019.11.29-20.25.25:662][  0]LogConfig: Setting CVar [[r.Shadow.CSM.TransitionScale:1.0]]
[2019.11.29-20.25.25:662][  0]LogConfig: Setting CVar [[r.Shadow.PreShadowResolutionFactor:1.0]]
[2019.11.29-20.25.25:662][  0]LogConfig: Setting CVar [[r.DistanceFieldShadowing:1]]
[2019.11.29-20.25.25:662][  0]LogConfig: Setting CVar [[r.DistanceFieldAO:1]]
[2019.11.29-20.25.25:662][  0]LogConfig: Setting CVar [[r.AOQuality:2]]
[2019.11.29-20.25.25:662][  0]LogConfig: Setting CVar [[r.VolumetricFog:1]]
[2019.11.29-20.25.25:662][  0]LogConfig: Setting CVar [[r.VolumetricFog.GridPixelSize:8]]
[2019.11.29-20.25.25:662][  0]LogConfig: Setting CVar [[r.VolumetricFog.GridSizeZ:128]]
[2019.11.29-20.25.25:662][  0]LogConfig: Setting CVar [[r.VolumetricFog.HistoryMissSupersampleCount:4]]
[2019.11.29-20.25.25:662][  0]LogConfig: Setting CVar [[r.LightMaxDrawDistanceScale:1]]
[2019.11.29-20.25.25:662][  0]LogConfig: Setting CVar [[r.CapsuleShadows:1]]
[2019.11.29-20.25.25:662][  0]LogConfig: Applying CVar settings from Section [PostProcessQuality@3] File [C:/Users/Pedro Santos/Unreal/5th Semester/RaceZone/ZombieGame/Saved/Config/Windows/Scalability.ini]
[2019.11.29-20.25.25:662][  0]LogConfig: Setting CVar [[r.MotionBlurQuality:4]]
[2019.11.29-20.25.25:662][  0]LogConfig: Setting CVar [[r.AmbientOcclusionMipLevelFactor:0.4]]
[2019.11.29-20.25.25:662][  0]LogConfig: Setting CVar [[r.AmbientOcclusionMaxQuality:100]]
[2019.11.29-20.25.25:662][  0]LogConfig: Setting CVar [[r.AmbientOcclusionLevels:-1]]
[2019.11.29-20.25.25:662][  0]LogConfig: Setting CVar [[r.AmbientOcclusionRadiusScale:1.0]]
[2019.11.29-20.25.25:662][  0]LogConfig: Setting CVar [[r.DepthOfFieldQuality:2]]
[2019.11.29-20.25.25:662][  0]LogConfig: Setting CVar [[r.RenderTargetPoolMin:400]]
[2019.11.29-20.25.25:662][  0]LogConfig: Setting CVar [[r.LensFlareQuality:2]]
[2019.11.29-20.25.25:662][  0]LogConfig: Setting CVar [[r.SceneColorFringeQuality:1]]
[2019.11.29-20.25.25:662][  0]LogConfig: Setting CVar [[r.EyeAdaptationQuality:2]]
[2019.11.29-20.25.25:662][  0]LogConfig: Setting CVar [[r.BloomQuality:5]]
[2019.11.29-20.25.25:662][  0]LogConfig: Setting CVar [[r.FastBlurThreshold:100]]
[2019.11.29-20.25.25:662][  0]LogConfig: Setting CVar [[r.Upscale.Quality:3]]
[2019.11.29-20.25.25:662][  0]LogConfig: Setting CVar [[r.Tonemapper.GrainQuantization:1]]
[2019.11.29-20.25.25:662][  0]LogConfig: Setting CVar [[r.LightShaftQuality:1]]
[2019.11.29-20.25.25:662][  0]LogConfig: Setting CVar [[r.Filter.SizeScale:1]]
[2019.11.29-20.25.25:662][  0]LogConfig: Setting CVar [[r.Tonemapper.Quality:5]]
[2019.11.29-20.25.25:662][  0]LogConfig: Setting CVar [[r.DOF.Gather.AccumulatorQuality:1        ; higher gathering accumulator quality]]
[2019.11.29-20.25.25:662][  0]LogConfig: Setting CVar [[r.DOF.Gather.PostfilterMethod:1          ; Median3x3 postfilering method]]
[2019.11.29-20.25.25:662][  0]LogConfig: Setting CVar [[r.DOF.Gather.EnableBokehSettings:0       ; no bokeh simulation when gathering]]
[2019.11.29-20.25.25:662][  0]LogConfig: Setting CVar [[r.DOF.Gather.RingCount:4                 ; medium number of samples when gathering]]
[2019.11.29-20.25.25:662][  0]LogConfig: Setting CVar [[r.DOF.Scatter.ForegroundCompositing:1    ; additive foreground scattering]]
[2019.11.29-20.25.25:662][  0]LogConfig: Setting CVar [[r.DOF.Scatter.BackgroundCompositing:2    ; additive background scattering]]
[2019.11.29-20.25.25:662][  0]LogConfig: Setting CVar [[r.DOF.Scatter.EnableBokehSettings:1      ; bokeh simulation when scattering]]
[2019.11.29-20.25.25:662][  0]LogConfig: Setting CVar [[r.DOF.Scatter.MaxSpriteRatio:0.1         ; only a maximum of 10% of scattered bokeh]]
[2019.11.29-20.25.25:662][  0]LogConfig: Setting CVar [[r.DOF.Recombine.Quality:1                ; cheap slight out of focus]]
[2019.11.29-20.25.25:662][  0]LogConfig: Setting CVar [[r.DOF.Recombine.EnableBokehSettings:0    ; no bokeh simulation on slight out of focus]]
[2019.11.29-20.25.25:662][  0]LogConfig: Setting CVar [[r.DOF.TemporalAAQuality:1                ; more stable temporal accumulation]]
[2019.11.29-20.25.25:662][  0]LogConfig: Setting CVar [[r.DOF.Kernel.MaxForegroundRadius:0.025]]
[2019.11.29-20.25.25:662][  0]LogConfig: Setting CVar [[r.DOF.Kernel.MaxBackgroundRadius:0.025]]
[2019.11.29-20.25.25:662][  0]LogConfig: Applying CVar settings from Section [TextureQuality@3] File [C:/Users/Pedro Santos/Unreal/5th Semester/RaceZone/ZombieGame/Saved/Config/Windows/Scalability.ini]
[2019.11.29-20.25.25:662][  0]LogConfig: Setting CVar [[r.Streaming.MipBias:0]]
[2019.11.29-20.25.25:662][  0]LogConfig: Setting CVar [[r.Streaming.AmortizeCPUToGPUCopy:0]]
[2019.11.29-20.25.25:662][  0]LogConfig: Setting CVar [[r.Streaming.MaxNumTexturesToStreamPerFrame:0]]
[2019.11.29-20.25.25:662][  0]LogConfig: Setting CVar [[r.Streaming.Boost:1]]
[2019.11.29-20.25.25:662][  0]LogConfig: Setting CVar [[r.MaxAnisotropy:8]]
[2019.11.29-20.25.25:662][  0]LogConfig: Setting CVar [[r.Streaming.LimitPoolSizeToVRAM:0]]
[2019.11.29-20.25.25:662][  0]LogConfig: Setting CVar [[r.Streaming.PoolSize:1000]]
[2019.11.29-20.25.25:662][  0]LogConfig: Setting CVar [[r.Streaming.MaxEffectiveScreenSize:0]]
[2019.11.29-20.25.25:662][  0]LogConfig: Applying CVar settings from Section [EffectsQuality@3] File [C:/Users/Pedro Santos/Unreal/5th Semester/RaceZone/ZombieGame/Saved/Config/Windows/Scalability.ini]
[2019.11.29-20.25.25:662][  0]LogConfig: Setting CVar [[r.TranslucencyLightingVolumeDim:64]]
[2019.11.29-20.25.25:662][  0]LogConfig: Setting CVar [[r.RefractionQuality:2]]
[2019.11.29-20.25.25:663][  0]LogConfig: Setting CVar [[r.SSR.Quality:3]]
[2019.11.29-20.25.25:663][  0]LogConfig: Setting CVar [[r.SceneColorFormat:4]]
[2019.11.29-20.25.25:663][  0]LogConfig: Setting CVar [[r.DetailMode:2]]
[2019.11.29-20.25.25:663][  0]LogConfig: Setting CVar [[r.TranslucencyVolumeBlur:1]]
[2019.11.29-20.25.25:663][  0]LogConfig: Setting CVar [[r.MaterialQualityLevel:1 ; High quality]]
[2019.11.29-20.25.25:663][  0]LogConfig: Setting CVar [[r.SSS.Scale:1]]
[2019.11.29-20.25.25:663][  0]LogConfig: Setting CVar [[r.SSS.SampleSet:2]]
[2019.11.29-20.25.25:663][  0]LogConfig: Setting CVar [[r.SSS.Quality:1]]
[2019.11.29-20.25.25:663][  0]LogConfig: Setting CVar [[r.SSS.HalfRes:1]]
[2019.11.29-20.25.25:663][  0]LogConfig: Setting CVar [[r.EmitterSpawnRateScale:1.0]]
[2019.11.29-20.25.25:663][  0]LogConfig: Setting CVar [[r.ParticleLightQuality:2]]
[2019.11.29-20.25.25:663][  0]LogConfig: Applying CVar settings from Section [FoliageQuality@3] File [C:/Users/Pedro Santos/Unreal/5th Semester/RaceZone/ZombieGame/Saved/Config/Windows/Scalability.ini]
[2019.11.29-20.25.25:663][  0]LogConfig: Setting CVar [[foliage.DensityScale:1.0]]
[2019.11.29-20.25.25:663][  0]LogConfig: Setting CVar [[grass.DensityScale:1.0]]
[2019.11.29-20.25.25:663][  0]LogConfig: Applying CVar settings from Section [Startup] File [../../../Engine/Config/ConsoleVariables.ini]
[2019.11.29-20.25.25:663][  0]LogConfig: Setting CVar [[net.UseAdaptiveNetUpdateFrequency:0]]
[2019.11.29-20.25.25:663][  0]LogConfig: Setting CVar [[p.chaos.AllowCreatePhysxBodies:1]]
[2019.11.29-20.25.25:663][  0]LogConfig: Applying CVar settings from Section [ConsoleVariables] File [C:/Users/Pedro Santos/Unreal/5th Semester/RaceZone/ZombieGame/Saved/Config/Windows/Engine.ini]
[2019.11.29-20.25.25:663][  0]LogInit: Computer: DESKTOP-3LMBL47
[2019.11.29-20.25.25:663][  0]LogInit: User: PedroSantos
[2019.11.29-20.25.25:663][  0]LogInit: CPU Page size=4096, Cores=4
[2019.11.29-20.25.25:663][  0]LogInit: High frequency timer resolution =10.000000 MHz
[2019.11.29-20.25.25:663][  0]LogMemory: Memory total: Physical=7.9GB (8GB approx)
[2019.11.29-20.25.25:663][  0]LogMemory: Platform Memory Stats for Windows
[2019.11.29-20.25.25:663][  0]LogMemory: Process Physical Memory: 96.87 MB used, 96.88 MB peak
[2019.11.29-20.25.25:663][  0]LogMemory: Process Virtual Memory: 88.85 MB used, 88.85 MB peak
[2019.11.29-20.25.25:663][  0]LogMemory: Physical Memory: 5659.45 MB used,  2386.66 MB free, 8046.11 MB total
[2019.11.29-20.25.25:663][  0]LogMemory: Virtual Memory: 4642.20 MB used,  134213088.00 MB free, 134217728.00 MB total
[2019.11.29-20.25.25:885][  0]LogInit: Using OS detected language (pt-PT).
[2019.11.29-20.25.25:885][  0]LogInit: Using OS detected locale (pt-PT).
[2019.11.29-20.25.25:886][  0]LogTextLocalizationManager: No localization for 'pt-PT' exists, so 'en' will be used for the language.
[2019.11.29-20.25.26:132][  0]LogInit: Setting process to per monitor DPI aware
[2019.11.29-20.25.26:190][  0]LogSlate: New Slate User Created.  User Index 0, Is Virtual User: 0
[2019.11.29-20.25.26:190][  0]LogSlate: Slate User Registered.  User Index 0, Is Virtual User: 0
[2019.11.29-20.25.26:519][  0]LogHMD: Failed to initialize OpenVR with code 110
[2019.11.29-20.25.26:519][  0]LogD3D11RHI: D3D11 adapters:
[2019.11.29-20.25.26:581][  0]LogD3D11RHI:    0. 'NVIDIA GeForce GTX 1050 Ti' (Feature Level 11_0)
[2019.11.29-20.25.26:581][  0]LogD3D11RHI:       4018/0/4023 MB DedicatedVideo/DedicatedSystem/SharedSystem, Outputs:1, VendorId:0x10de
[2019.11.29-20.25.26:597][  0]LogD3D11RHI:    1. 'Intel(R) HD Graphics 630' (Feature Level 11_0)
[2019.11.29-20.25.26:597][  0]LogD3D11RHI:       128/0/4023 MB DedicatedVideo/DedicatedSystem/SharedSystem, Outputs:0, VendorId:0x8086
[2019.11.29-20.25.26:600][  0]LogD3D11RHI:    2. 'Microsoft Basic Render Driver' (Feature Level 11_0)
[2019.11.29-20.25.26:600][  0]LogD3D11RHI:       0/0/4023 MB DedicatedVideo/DedicatedSystem/SharedSystem, Outputs:0, VendorId:0x1414
[2019.11.29-20.25.26:600][  0]LogD3D11RHI: Chosen D3D11 Adapter: 0
[2019.11.29-20.25.26:644][  0]LogD3D11RHI: Creating new Direct3DDevice
[2019.11.29-20.25.26:645][  0]LogD3D11RHI:     GPU DeviceId: 0x1c8c (for the marketing name, search the web for "GPU Device Id")
[2019.11.29-20.25.26:645][  0]LogWindows: EnumDisplayDevices:
[2019.11.29-20.25.26:645][  0]LogWindows:    0. 'Intel(R) HD Graphics 630' (P:1 D:1)
[2019.11.29-20.25.26:645][  0]LogWindows:    1. 'Intel(R) HD Graphics 630' (P:0 D:0)
[2019.11.29-20.25.26:646][  0]LogWindows:    2. 'Intel(R) HD Graphics 630' (P:0 D:0)
[2019.11.29-20.25.26:646][  0]LogWindows:    3. 'NVIDIA GeForce GTX 1050 Ti' (P:0 D:0)
[2019.11.29-20.25.26:646][  0]LogWindows:    4. 'NVIDIA GeForce GTX 1050 Ti' (P:0 D:0)
[2019.11.29-20.25.26:647][  0]LogWindows:    5. 'NVIDIA GeForce GTX 1050 Ti' (P:0 D:0)
[2019.11.29-20.25.26:647][  0]LogWindows:    6. 'NVIDIA GeForce GTX 1050 Ti' (P:0 D:0)
[2019.11.29-20.25.26:647][  0]LogWindows: DebugString: PrimaryIsNotTheChoosenAdapter PrimaryIsNotTheChoosenAdapter PrimaryIsNotTheChoosenAdapter FoundDriverCount:4 
[2019.11.29-20.25.26:647][  0]LogD3D11RHI:     Adapter Name: NVIDIA GeForce GTX 1050 Ti
[2019.11.29-20.25.26:647][  0]LogD3D11RHI:   Driver Version: 391.01 (internal:23.21.13.9101, unified:391.01)
[2019.11.29-20.25.26:647][  0]LogD3D11RHI:      Driver Date: 2-23-2018
[2019.11.29-20.25.26:647][  0]LogRHI: Texture pool is 2812 MB (70% of 4018 MB)
[2019.11.29-20.25.26:692][  0]LogD3D11RHI: Async texture creation enabled
[2019.11.29-20.25.26:697][  0]LogRendererCore: FGlobalReadBuffer::InitRHI
[2019.11.29-20.25.26:698][  0]LogRendererCore: FGlobalReadBuffer::InitRHI
[2019.11.29-20.25.26:698][  0]LogRendererCore: FGlobalReadBuffer::InitRHI
[2019.11.29-20.25.26:712][  0]LogD3D11RHI: GPU Timing Frequency: 1000.000000 (Debug: 2 2)
[2019.11.29-20.25.27:128][  0]LogTemp: Display: Module 'AllDesktopTargetPlatform' loaded TargetPlatform 'AllDesktop'
[2019.11.29-20.25.27:141][  0]LogTemp: Display: Module 'MacClientTargetPlatform' loaded TargetPlatform 'MacClient'
[2019.11.29-20.25.27:157][  0]LogTemp: Display: Module 'MacNoEditorTargetPlatform' loaded TargetPlatform 'MacNoEditor'
[2019.11.29-20.25.27:179][  0]LogTemp: Display: Module 'MacServerTargetPlatform' loaded TargetPlatform 'MacServer'
[2019.11.29-20.25.27:207][  0]LogTemp: Display: Module 'MacTargetPlatform' loaded TargetPlatform 'Mac'
[2019.11.29-20.25.27:235][  0]LogTemp: Display: Module 'WindowsClientTargetPlatform' loaded TargetPlatform 'WindowsClient'
[2019.11.29-20.25.27:257][  0]LogTemp: Display: Module 'WindowsNoEditorTargetPlatform' loaded TargetPlatform 'WindowsNoEditor'
[2019.11.29-20.25.27:275][  0]LogTemp: Display: Module 'WindowsServerTargetPlatform' loaded TargetPlatform 'WindowsServer'
[2019.11.29-20.25.27:283][  0]LogTemp: Display: Module 'WindowsTargetPlatform' loaded TargetPlatform 'Windows'
[2019.11.29-20.25.27:405][  0]LogTemp: Display: Module 'AndroidTargetPlatform' loaded TargetPlatform 'Android'
[2019.11.29-20.25.27:405][  0]LogTemp: Display: Module 'AndroidTargetPlatform' loaded TargetPlatform 'Android_ASTC'
[2019.11.29-20.25.27:405][  0]LogTemp: Display: Module 'AndroidTargetPlatform' loaded TargetPlatform 'Android_ATC'
[2019.11.29-20.25.27:405][  0]LogTemp: Display: Module 'AndroidTargetPlatform' loaded TargetPlatform 'Android_DXT'
[2019.11.29-20.25.27:405][  0]LogTemp: Display: Module 'AndroidTargetPlatform' loaded TargetPlatform 'Android_ETC1'
[2019.11.29-20.25.27:405][  0]LogTemp: Display: Module 'AndroidTargetPlatform' loaded TargetPlatform 'Android_ETC1a'
[2019.11.29-20.25.27:405][  0]LogTemp: Display: Module 'AndroidTargetPlatform' loaded TargetPlatform 'Android_ETC2'
[2019.11.29-20.25.27:405][  0]LogTemp: Display: Module 'AndroidTargetPlatform' loaded TargetPlatform 'Android_PVRTC'
[2019.11.29-20.25.27:405][  0]LogTemp: Display: Module 'AndroidTargetPlatform' loaded TargetPlatform 'AndroidClient'
[2019.11.29-20.25.27:406][  0]LogTemp: Display: Module 'AndroidTargetPlatform' loaded TargetPlatform 'Android_ASTCClient'
[2019.11.29-20.25.27:406][  0]LogTemp: Display: Module 'AndroidTargetPlatform' loaded TargetPlatform 'Android_ATCClient'
[2019.11.29-20.25.27:406][  0]LogTemp: Display: Module 'AndroidTargetPlatform' loaded TargetPlatform 'Android_DXTClient'
[2019.11.29-20.25.27:406][  0]LogTemp: Display: Module 'AndroidTargetPlatform' loaded TargetPlatform 'Android_ETC1Client'
[2019.11.29-20.25.27:406][  0]LogTemp: Display: Module 'AndroidTargetPlatform' loaded TargetPlatform 'Android_ETC1aClient'
[2019.11.29-20.25.27:406][  0]LogTemp: Display: Module 'AndroidTargetPlatform' loaded TargetPlatform 'Android_ETC2Client'
[2019.11.29-20.25.27:406][  0]LogTemp: Display: Module 'AndroidTargetPlatform' loaded TargetPlatform 'Android_PVRTCClient'
[2019.11.29-20.25.27:406][  0]LogTemp: Display: Module 'AndroidTargetPlatform' loaded TargetPlatform 'Android_Multi'
[2019.11.29-20.25.27:406][  0]LogTemp: Display: Module 'AndroidTargetPlatform' loaded TargetPlatform 'Android_MultiClient'
[2019.11.29-20.25.27:408][  0]LogTemp: Display: Module 'HTML5TargetPlatform' loaded TargetPlatform 'HTML5'
[2019.11.29-20.25.27:461][  0]LogTemp: Display: Module 'IOSTargetPlatform' loaded TargetPlatform 'IOSClient'
[2019.11.29-20.25.27:461][  0]LogTemp: Display: Module 'IOSTargetPlatform' loaded TargetPlatform 'IOS'
[2019.11.29-20.25.27:491][  0]LogTemp: Display: Module 'TVOSTargetPlatform' loaded TargetPlatform 'TVOSClient'
[2019.11.29-20.25.27:491][  0]LogTemp: Display: Module 'TVOSTargetPlatform' loaded TargetPlatform 'TVOS'
[2019.11.29-20.25.27:507][  0]LogTemp: Display: Module 'LinuxClientTargetPlatform' loaded TargetPlatform 'LinuxClient'
[2019.11.29-20.25.27:521][  0]LogTemp: Display: Module 'LinuxNoEditorTargetPlatform' loaded TargetPlatform 'LinuxNoEditor'
[2019.11.29-20.25.27:536][  0]LogTemp: Display: Module 'LinuxServerTargetPlatform' loaded TargetPlatform 'LinuxServer'
[2019.11.29-20.25.27:552][  0]LogTemp: Display: Module 'LinuxTargetPlatform' loaded TargetPlatform 'Linux'
[2019.11.29-20.25.27:608][  0]LogTemp: Display: Module 'LuminTargetPlatform' loaded TargetPlatform 'Lumin'
[2019.11.29-20.25.27:608][  0]LogTemp: Display: Module 'LuminTargetPlatform' loaded TargetPlatform 'LuminClient'
[2019.11.29-20.25.27:608][  0]LogTargetPlatformManager: Display: Building Assets For Windows
[2019.11.29-20.25.27:618][  0]LogAudioDebug: Display: Lib vorbis DLL was dynamically loaded.
[2019.11.29-20.25.27:676][  0]LogShaderCompilers: Guid format shader working directory is -24 characters bigger than the processId version (../../../../../../Users/Pedro Santos/Unreal/5th Semester/RaceZone/ZombieGame/Intermediate/Shaders/WorkingDirectory/11396/).
[2019.11.29-20.25.27:676][  0]LogShaderCompilers: Cleaned the shader compiler working directory 'C:/Users/Pedro Santos/AppData/Local/Temp/UnrealShaderWorkingDir/AD85B7AB456C19A66990B4B9FD75C3D5/'.
[2019.11.29-20.25.27:679][  0]LogXGEController: Cleaning working directory: C:/Users/Pedro Santos/AppData/Local/Temp/UnrealXGEWorkingDir/
[2019.11.29-20.25.27:679][  0]LogXGEController: Cannot use XGE Controller as Incredibuild is not installed on this machine.
[2019.11.29-20.25.27:679][  0]LogShaderCompilers: Cannot use XGE Shader Compiler as Incredibuild is not installed on this machine.
[2019.11.29-20.25.27:680][  0]LogShaderCompilers: Display: Using Local Shader Compiler.
[2019.11.29-20.25.28:373][  0]LogDerivedDataCache: Display: Max Cache Size: 512 MB
[2019.11.29-20.25.28:440][  0]LogDerivedDataCache: Loaded boot cache 0.07s 71MB C:/Users/Pedro Santos/AppData/Local/UnrealEngine/4.22/DerivedDataCache/Boot.ddc.
[2019.11.29-20.25.28:440][  0]LogDerivedDataCache: Display: Loaded Boot cache: C:/Users/Pedro Santos/AppData/Local/UnrealEngine/4.22/DerivedDataCache/Boot.ddc
[2019.11.29-20.25.28:440][  0]LogDerivedDataCache: FDerivedDataBackendGraph:  Pak pak cache file ../../../../../../Users/Pedro Santos/Unreal/5th Semester/RaceZone/ZombieGame/DerivedDataCache/DDC.ddp not found, will not use a pak cache.
[2019.11.29-20.25.28:440][  0]LogDerivedDataCache: Unable to find inner node Pak for hierarchical cache Hierarchy.
[2019.11.29-20.25.28:440][  0]LogDerivedDataCache: FDerivedDataBackendGraph:  CompressedPak pak cache file ../../../../../../Users/Pedro Santos/Unreal/5th Semester/RaceZone/ZombieGame/DerivedDataCache/Compressed.ddp not found, will not use a pak cache.
[2019.11.29-20.25.28:440][  0]LogDerivedDataCache: Unable to find inner node CompressedPak for hierarchical cache Hierarchy.
[2019.11.29-20.25.28:455][  0]LogDerivedDataCache: Display: Pak cache opened for reading ../../../Engine/DerivedDataCache/Compressed.ddp.
[2019.11.29-20.25.28:455][  0]LogDerivedDataCache: FDerivedDataBackendGraph:  EnterprisePak pak cache file ../../../Enterprise/DerivedDataCache/Compressed.ddp not found, will not use a pak cache.
[2019.11.29-20.25.28:455][  0]LogDerivedDataCache: Unable to find inner node EnterprisePak for hierarchical cache Hierarchy.
[2019.11.29-20.25.28:468][  0]LogDerivedDataCache: Using Local data cache path C:/Users/Pedro Santos/AppData/Local/UnrealEngine/Common/DerivedDataCache: Writable
[2019.11.29-20.25.28:468][  0]LogDerivedDataCache: Shared data cache path not found in *engine.ini, will not use an Shared cache.
[2019.11.29-20.25.28:468][  0]LogDerivedDataCache: Unable to find inner node Shared for hierarchical cache Hierarchy.
[2019.11.29-20.25.28:494][  0]LogMaterial: Verifying Global Shaders for PCD3D_SM5
[2019.11.29-20.25.28:496][  0]LogSlate: Using FreeType 2.6.0
[2019.11.29-20.25.28:496][  0]LogSlate: SlateFontServices - WITH_FREETYPE: 1, WITH_HARFBUZZ: 1
[2019.11.29-20.25.28:593][  0]LogAssetRegistry: FAssetRegistry took 0.0361 seconds to start up
[2019.11.29-20.25.29:033][  0]LogInit: Selected Device Profile: [Windows]
[2019.11.29-20.25.29:203][  0]LogMeshReduction: Using QuadricMeshReduction for automatic static mesh reduction
[2019.11.29-20.25.29:203][  0]LogMeshReduction: Using SimplygonMeshReduction for automatic skeletal mesh reduction
[2019.11.29-20.25.29:203][  0]LogMeshReduction: Using ProxyLODMeshReduction for automatic mesh merging
[2019.11.29-20.25.29:203][  0]LogMeshReduction: No distributed automatic mesh merging module available
[2019.11.29-20.25.29:203][  0]LogMeshMerging: No distributed automatic mesh merging module available
[2019.11.29-20.25.29:223][  0]LogNetVersion: ZombieGame 1.0.0, NetCL: 5660361, EngineNetVer: 10, GameNetVer: 0 (Checksum: 1715439906)
[2019.11.29-20.25.29:775][  0]LogPackageLocalizationCache: Processed 10 localized package path(s) for 1 prioritized culture(s) in 0.056187 seconds
[2019.11.29-20.25.29:782][  0]LogUObjectArray: 42205 objects as part of root set at end of initial load.
[2019.11.29-20.25.29:782][  0]LogUObjectAllocator: 7325032 out of 0 bytes used by permanent object pool.
[2019.11.29-20.25.29:782][  0]LogUObjectArray: CloseDisregardForGC: 0/0 objects in disregard for GC pool
[2019.11.29-20.25.30:787][  0]LogTcpMessaging: Initializing TcpMessaging bridge
[2019.11.29-20.25.30:801][  0]LogUdpMessaging: Initializing bridge on interface 0.0.0.0:0 to multicast group 230.0.0.1:6666.
[2019.11.29-20.25.30:947][  0]SourceControl: Source control is disabled
[2019.11.29-20.25.30:947][  0]SourceControl: Source control is disabled
[2019.11.29-20.25.30:948][  0]SourceControl: Source control is disabled
[2019.11.29-20.25.30:949][  0]SourceControl: Source control is disabled
[2019.11.29-20.25.31:033][  0]LogAndroidPermission: UAndroidPermissionCallbackProxy::GetInstance
[2019.11.29-20.25.31:161][  0]LogOcInput: OculusInput pre-init called
[2019.11.29-20.25.31:927][  0]LogEngine: Initializing Engine...
[2019.11.29-20.25.31:928][  0]LogHMD: Failed to initialize OpenVR with code 110
[2019.11.29-20.25.31:930][  0]LogStats: UGameplayTagsManager::InitializeManager -  0.000 s
[2019.11.29-20.25.32:205][  0]LogInit: Initializing FReadOnlyCVARCache
[2019.11.29-20.25.32:221][  0]LogAIModule: Creating AISystem for world Untitled
[2019.11.29-20.25.32:307][  0]LogInit: XAudio2 using 'Altifalantes (Realtek High Definition Audio)' : 2 channels at 44.1 kHz using 16 bits per sample (channel mask 0x3)
[2019.11.29-20.25.32:398][  0]LogInit: FAudioDevice initialized.
[2019.11.29-20.25.32:398][  0]LogNetVersion: Set ProjectVersion to 1.0.0.0. Version Checksum will be recalculated on next use.
[2019.11.29-20.25.32:873][  0]LogDerivedDataCache: Saved boot cache 0.47s 71MB C:/Users/Pedro Santos/AppData/Local/UnrealEngine/4.22/DerivedDataCache/Boot.ddc.
[2019.11.29-20.25.32:881][  0]LogInit: Texture streaming: Enabled
[2019.11.29-20.25.32:901][  0]LogEngineSessionManager: EngineSessionManager initialized
[2019.11.29-20.25.32:902][  0]LogEngineSessionManager: EngineSessionManager sent abnormal shutdown report. Type=Crashed, SessionId={AC9F969E-4AF9-666A-A8AF-0CA4DCA19002}
[2019.11.29-20.25.32:937][  0]LogInit: Transaction tracking system initialized
[2019.11.29-20.25.32:969][  0]BlueprintLog: New page: Editor Load
[2019.11.29-20.25.33:063][  0]LocalizationService: Localization service is disabled
[2019.11.29-20.25.33:487][  0]LogFileCache: Scanning file cache for directory 'C:/Users/Pedro Santos/Unreal/5th Semester/RaceZone/ZombieGame/Content/' took 0.02s
[2019.11.29-20.25.33:487][  0]LogCook: Display: Max memory allowance for cook 16384mb min free memory 0mb
[2019.11.29-20.25.33:487][  0]LogCook: Display: Mobile HDR setting 1
[2019.11.29-20.25.33:703][  0]SourceControl: Source control is disabled
[2019.11.29-20.25.33:703][  0]Cmd: MAP LOAD FILE="../../../../../../Users/Pedro Santos/Unreal/5th Semester/RaceZone/ZombieGame/Content/StarterContent/Maps/Minimal_Default.umap" TEMPLATE=0 SHOWPROGRESS=1 FEATURELEVEL=3
[2019.11.29-20.25.33:704][  0]LightingResults: New page: Lighting Build
[2019.11.29-20.25.33:707][  0]MapCheck: New page: Map Check
[2019.11.29-20.25.33:707][  0]LightingResults: New page: Lighting Build
[2019.11.29-20.25.33:735][  0]LogUObjectHash: Compacting FUObjectHashTables data took   2.27ms
[2019.11.29-20.25.34:212][  0]LogAIModule: Creating AISystem for world Minimal_Default
[2019.11.29-20.25.34:652][  0]LogEditorServer: Finished looking for orphan Actors (0.000 secs)
[2019.11.29-20.25.34:682][  0]LogUObjectHash: Compacting FUObjectHashTables data took   2.20ms
[2019.11.29-20.25.34:682][  0]Cmd: MAP CHECKDEP NOCLEARLOG
[2019.11.29-20.25.34:682][  0]MapCheck: Map check complete: 0 Error(s), 0 Warning(s), took 0,202ms to complete.
[2019.11.29-20.25.34:682][  0]LogFileHelpers: Loading map 'Minimal_Default' took 0.979
[2019.11.29-20.25.34:828][  0]LogSlate: Updating window title bar state: overlay mode, drag disabled, window buttons hidden, title bar hidden
[2019.11.29-20.25.34:837][  0]LogSlate: Updating window title bar state: overlay mode, drag disabled, window buttons hidden, title bar hidden
[2019.11.29-20.25.34:846][  0]LogSlate: Updating window title bar state: overlay mode, drag disabled, window buttons hidden, title bar hidden
[2019.11.29-20.25.34:854][  0]LogSlate: Updating window title bar state: overlay mode, drag disabled, window buttons hidden, title bar hidden
[2019.11.29-20.25.34:861][  0]LogCollectionManager: Loaded 0 collections in 0.002056 seconds
[2019.11.29-20.25.34:901][  0]LogFileCache: Scanning file cache for directory 'C:/Users/Pedro Santos/Unreal/5th Semester/RaceZone/ZombieGame/Saved/Collections/' took 0.01s
[2019.11.29-20.25.34:901][  0]LogFileCache: Scanning file cache for directory 'C:/Users/Pedro Santos/Unreal/5th Semester/RaceZone/ZombieGame/Content/Developers/PedroSantos/Collections/' took 0.01s
[2019.11.29-20.25.34:901][  0]LogFileCache: Scanning file cache for directory 'C:/Users/Pedro Santos/Unreal/5th Semester/RaceZone/ZombieGame/Content/Collections/' took 0.01s
[2019.11.29-20.25.34:901][  0]LogCollectionManager: Rebuilt the GUID cache for 0 collections in 0.000000 seconds
[2019.11.29-20.25.34:911][  0]LogContentBrowser: Native class hierarchy populated in 0.0100 seconds. Added 2739 classes and 661 folders.
[2019.11.29-20.25.34:922][  0]LogContentBrowser: Native class hierarchy updated for 'WidgetCarousel' in 0.0005 seconds. Added 0 classes and 0 folders.
[2019.11.29-20.25.34:923][  0]LogPakFile: Registered encryption key '00000000000000000000000000000000': 0 pak files mounted, 0 remain pending
[2019.11.29-20.25.34:924][  0]LogPakFile: Registered encryption key '00000000000000000000000000000000': 0 pak files mounted, 0 remain pending
[2019.11.29-20.25.34:925][  0]LogPakFile: Registered encryption key '00000000000000000000000000000000': 0 pak files mounted, 0 remain pending
[2019.11.29-20.25.34:925][  0]LogPakFile: Registered encryption key '00000000000000000000000000000000': 0 pak files mounted, 0 remain pending
[2019.11.29-20.25.34:926][  0]LogPakFile: Registered encryption key '00000000000000000000000000000000': 0 pak files mounted, 0 remain pending
[2019.11.29-20.25.34:927][  0]LogPakFile: Registered encryption key '00000000000000000000000000000000': 0 pak files mounted, 0 remain pending
[2019.11.29-20.25.34:927][  0]LogPakFile: Registered encryption key '00000000000000000000000000000000': 0 pak files mounted, 0 remain pending
[2019.11.29-20.25.34:928][  0]LogPakFile: Registered encryption key '00000000000000000000000000000000': 0 pak files mounted, 0 remain pending
[2019.11.29-20.25.34:929][  0]LogPakFile: Registered encryption key '00000000000000000000000000000000': 0 pak files mounted, 0 remain pending
[2019.11.29-20.25.34:929][  0]LogPakFile: Registered encryption key '00000000000000000000000000000000': 0 pak files mounted, 0 remain pending
[2019.11.29-20.25.34:930][  0]LogPakFile: Registered encryption key '00000000000000000000000000000000': 0 pak files mounted, 0 remain pending
[2019.11.29-20.25.34:930][  0]LogPakFile: Registered encryption key '00000000000000000000000000000000': 0 pak files mounted, 0 remain pending
[2019.11.29-20.25.34:931][  0]LogPakFile: Registered encryption key '00000000000000000000000000000000': 0 pak files mounted, 0 remain pending
[2019.11.29-20.25.34:932][  0]LogPakFile: Registered encryption key '00000000000000000000000000000000': 0 pak files mounted, 0 remain pending
[2019.11.29-20.25.34:932][  0]LogPakFile: Registered encryption key '00000000000000000000000000000000': 0 pak files mounted, 0 remain pending
[2019.11.29-20.25.34:933][  0]LogPakFile: Registered encryption key '00000000000000000000000000000000': 0 pak files mounted, 0 remain pending
[2019.11.29-20.25.34:934][  0]LogPakFile: Registered encryption key '00000000000000000000000000000000': 0 pak files mounted, 0 remain pending
[2019.11.29-20.25.34:935][  0]LogPakFile: Registered encryption key '00000000000000000000000000000000': 0 pak files mounted, 0 remain pending
[2019.11.29-20.25.34:935][  0]LogPakFile: Registered encryption key '00000000000000000000000000000000': 0 pak files mounted, 0 remain pending
[2019.11.29-20.25.34:936][  0]LogPakFile: Registered encryption key '00000000000000000000000000000000': 0 pak files mounted, 0 remain pending
[2019.11.29-20.25.34:937][  0]LogPakFile: Registered encryption key '00000000000000000000000000000000': 0 pak files mounted, 0 remain pending
[2019.11.29-20.25.34:937][  0]LogPakFile: Registered encryption key '00000000000000000000000000000000': 0 pak files mounted, 0 remain pending
[2019.11.29-20.25.34:938][  0]LogPakFile: Registered encryption key '00000000000000000000000000000000': 0 pak files mounted, 0 remain pending
[2019.11.29-20.25.34:939][  0]LogPakFile: Registered encryption key '00000000000000000000000000000000': 0 pak files mounted, 0 remain pending
[2019.11.29-20.25.34:940][  0]LogPakFile: Registered encryption key '00000000000000000000000000000000': 0 pak files mounted, 0 remain pending
[2019.11.29-20.25.34:940][  0]LogPakFile: Registered encryption key '00000000000000000000000000000000': 0 pak files mounted, 0 remain pending
[2019.11.29-20.25.34:979][  0]LogContentBrowser: Native class hierarchy updated for 'AddContentDialog' in 0.0004 seconds. Added 0 classes and 0 folders.
[2019.11.29-20.25.34:989][  0]LogContentBrowser: Native class hierarchy updated for 'SceneOutliner' in 0.0004 seconds. Added 1 classes and 2 folders.
[2019.11.29-20.25.35:120][  0]LogContentBrowser: Native class hierarchy updated for 'HierarchicalLODOutliner' in 0.0005 seconds. Added 0 classes and 0 folders.
[2019.11.29-20.25.35:120][  0]LogLoad: (Engine Initialization) Total time: 11.70 seconds
[2019.11.29-20.25.35:120][  0]LogLoad: (Engine Initialization) Total Blueprint compile time: 0.00 seconds
[2019.11.29-20.25.35:179][  0]LogAssetRegistry: Asset discovery search completed in 6.6094 seconds
[2019.11.29-20.25.35:182][  0]LogCollectionManager: Rebuilt the object cache for 0 collections in 0.000000 seconds (found 0 objects)
[2019.11.29-20.25.35:182][  0]LogCollectionManager: Fixed up redirectors for 0 collections in 0.000086 seconds (updated 0 objects)
[2019.11.29-20.25.35:184][  0]LogContentStreaming: Texture pool size now 1000 MB
[2019.11.29-20.25.35:198][  0]LogSlate: Took 0.000278 seconds to synchronously load lazily loaded font '../../../Engine/Content/Slate/Fonts/Roboto-Regular.ttf' (155K)
[2019.11.29-20.25.35:200][  0]LogSlate: Took 0.000203 seconds to synchronously load lazily loaded font '../../../Engine/Content/Slate/Fonts/Roboto-Bold.ttf' (160K)
[2019.11.29-20.25.35:358][  1]LogRenderer: Reallocating scene render targets to support 804x372 Format 10 NumSamples 1 (Frame:1).
[2019.11.29-20.25.37:558][100]LogSlate: FSceneViewport::OnFocusLost() reason 0
[2019.11.29-20.25.37:623][103]Candidate modules for hot reload:
[2019.11.29-20.25.37:623][103]  ZombieGame
[2019.11.29-20.25.37:623][103]Launching UnrealBuildTool... [C:/Program Files/Epic Games/UE_4.22/Engine/Binaries/DotNET/UnrealBuildTool.exe  -ModuleWithSuffix=ZombieGame,1226 Win64 Development -TargetType=Editor -Project="C:/Users/Pedro Santos/Unreal/5th Semester/RaceZone/ZombieGame/ZombieGame.uproject" "C:/Users/Pedro Santos/Unreal/5th Semester/RaceZone/ZombieGame/ZombieGame.uproject"  -IgnoreJunk]
[2019.11.29-20.25.37:625][103]Warning: Starting HotReload took  0.0s.
[2019.11.29-20.26.12:452][106]CompilerResultsLog: New page: Compilation - 29/11/2019, 20:26:12
[2019.11.29-20.26.12:452][106]CompilerResultsLog: Using 'git status' to determine working set for adaptive non-unity build (C:\Users\Pedro Santos\Unreal\5th Semester\RaceZone).
[2019.11.29-20.26.12:452][106]CompilerResultsLog: Creating makefile for ZombieGameEditor (ini files are newer than makefile)
[2019.11.29-20.26.12:452][106]CompilerResultsLog: Parsing headers for ZombieGameEditor
[2019.11.29-20.26.12:452][106]CompilerResultsLog:   Running UnrealHeaderTool "C:\Users\Pedro Santos\Unreal\5th Semester\RaceZone\ZombieGame\ZombieGame.uproject" "C:\Users\Pedro Santos\Unreal\5th Semester\RaceZone\ZombieGame\Intermediate\Build\Win64\ZombieGameEditor\Development\ZombieGameEditor.uhtmanifest" -LogCmds="loginit warning, logexit warning, logdatabase error" -Unattended -WarningsAsErrors -installed
[2019.11.29-20.26.12:452][106]CompilerResultsLog: Reflection code generated for ZombieGameEditor in 11,1614736 seconds
[2019.11.29-20.26.12:452][106]CompilerResultsLog: Using Visual Studio 2019 14.22.27905 toolchain (C:\Program Files (x86)\Microsoft Visual Studio\2019\Community\VC\Tools\MSVC\14.22.27905) and Windows 10.0.18362.0 SDK (C:\Program Files (x86)\Windows Kits\10).
[2019.11.29-20.26.12:452][106]CompilerResultsLog: Building 5 actions with 8 processes...
[2019.11.29-20.26.12:453][106]CompilerResultsLog:   [1/5] Avatar.cpp
[2019.11.29-20.26.12:453][106]CompilerResultsLog:   Observa??o: incluindo arquivo: C:\Users\Pedro Santos\Unreal\5th Semester\RaceZone\ZombieGame\Intermediate\Build\Win64\UE4Editor\Development\ZombieGame\Definitions.ZombieGame.h
[2019.11.29-20.26.12:453][106]CompilerResultsLog:   Observa??o: incluindo arquivo: C:\Users\Pedro Santos\Unreal\5th Semester\RaceZone\ZombieGame\Source\ZombieGame\Avatar.h
[2019.11.29-20.26.12:453][106]CompilerResultsLog:   Observa??o: incluindo arquivo:  C:\Program Files\Epic Games\UE_4.22\Engine\Source\Runtime\Engine\Classes\GameFramework/Character.h
[2019.11.29-20.26.12:453][106]CompilerResultsLog:   Observa??o: incluindo arquivo:   C:\Program Files\Epic Games\UE_4.22\Engine\Source\Runtime\Engine\Classes\GameFramework/RootMotionSource.h
[2019.11.29-20.26.12:453][106]CompilerResultsLog:   Observa??o: incluindo arquivo:    C:\Program Files\Epic Games\UE_4.22\Engine\Intermediate\Build\Win64\UE4Editor\Inc\Engine\RootMotionSource.generated.h
[2019.11.29-20.26.12:453][106]CompilerResultsLog:   Observa??o: incluindo arquivo:   C:\Program Files\Epic Games\UE_4.22\Engine\Intermediate\Build\Win64\UE4Editor\Inc\Engine\Character.generated.h
[2019.11.29-20.26.12:453][106]CompilerResultsLog:   Observa??o: incluindo arquivo:  C:\Users\Pedro Santos\Unreal\5th Semester\RaceZone\ZombieGame\Intermediate\Build\Win64\UE4Editor\Inc\ZombieGame\Avatar.generated.h
[2019.11.29-20.26.12:453][106]CompilerResultsLog:   Observa??o: incluindo arquivo: C:\Users\Pedro Santos\Unreal\5th Semester\RaceZone\ZombieGame\Source\ZombieGame\BallPlayer.h
[2019.11.29-20.26.12:453][106]CompilerResultsLog:   Observa??o: incluindo arquivo:  C:\Program Files\Epic Games\UE_4.22\Engine\Source\Runtime\Engine\Classes\GameFramework/SpringArmComponent.h
[2019.11.29-20.26.12:453][106]CompilerResultsLog:   Observa??o: incluindo arquivo:   C:\Program Files\Epic Games\UE_4.22\Engine\Intermediate\Build\Win64\UE4Editor\Inc\Engine\SpringArmComponent.generated.h
[2019.11.29-20.26.12:453][106]CompilerResultsLog:   Observa??o: incluindo arquivo:  C:\Program Files\Epic Games\UE_4.22\Engine\Source\Runtime\Engine\Classes\Camera/CameraComponent.h
[2019.11.29-20.26.12:453][106]CompilerResultsLog:   Observa??o: incluindo arquivo:   C:\Program Files\Epic Games\UE_4.22\Engine\Intermediate\Build\Win64\UE4Editor\Inc\Engine\CameraComponent.generated.h
[2019.11.29-20.26.12:453][106]CompilerResultsLog:   Observa??o: incluindo arquivo:  C:\Users\Pedro Santos\Unreal\5th Semester\RaceZone\ZombieGame\Intermediate\Build\Win64\UE4Editor\Inc\ZombieGame\BallPlayer.generated.h
[2019.11.29-20.26.12:453][106]CompilerResultsLog:   [2/5] BallPlayer.cpp
[2019.11.29-20.26.12:453][106]CompilerResultsLog:   Observa??o: incluindo arquivo: C:\Users\Pedro Santos\Unreal\5th Semester\RaceZone\ZombieGame\Intermediate\Build\Win64\UE4Editor\Development\ZombieGame\Definitions.ZombieGame.h
[2019.11.29-20.26.12:453][106]CompilerResultsLog:   Observa??o: incluindo arquivo: C:\Users\Pedro Santos\Unreal\5th Semester\RaceZone\ZombieGame\Source\ZombieGame\BallPlayer.h
[2019.11.29-20.26.12:453][106]CompilerResultsLog:   Observa??o: incluindo arquivo:  C:\Program Files\Epic Games\UE_4.22\Engine\Source\Runtime\Engine\Classes\GameFramework/SpringArmComponent.h
[2019.11.29-20.26.12:453][106]CompilerResultsLog:   Observa??o: incluindo arquivo:   C:\Program Files\Epic Games\UE_4.22\Engine\Intermediate\Build\Win64\UE4Editor\Inc\Engine\SpringArmComponent.generated.h
[2019.11.29-20.26.12:453][106]CompilerResultsLog:   Observa??o: incluindo arquivo:  C:\Program Files\Epic Games\UE_4.22\Engine\Source\Runtime\Engine\Classes\Camera/CameraComponent.h
[2019.11.29-20.26.12:453][106]CompilerResultsLog:   Observa??o: incluindo arquivo:   C:\Program Files\Epic Games\UE_4.22\Engine\Intermediate\Build\Win64\UE4Editor\Inc\Engine\CameraComponent.generated.h
[2019.11.29-20.26.12:453][106]CompilerResultsLog:   Observa??o: incluindo arquivo:  C:\Users\Pedro Santos\Unreal\5th Semester\RaceZone\ZombieGame\Source\ZombieGame\Avatar.h
[2019.11.29-20.26.12:453][106]CompilerResultsLog:   Observa??o: incluindo arquivo:   C:\Program Files\Epic Games\UE_4.22\Engine\Source\Runtime\Engine\Classes\GameFramework/Character.h
[2019.11.29-20.26.12:453][106]CompilerResultsLog:   Observa??o: incluindo arquivo:    C:\Program Files\Epic Games\UE_4.22\Engine\Source\Runtime\Engine\Classes\GameFramework/RootMotionSource.h
[2019.11.29-20.26.12:453][106]CompilerResultsLog:   Observa??o: incluindo arquivo:     C:\Program Files\Epic Games\UE_4.22\Engine\Intermediate\Build\Win64\UE4Editor\Inc\Engine\RootMotionSource.generated.h
[2019.11.29-20.26.12:453][106]CompilerResultsLog:   Observa??o: incluindo arquivo:    C:\Program Files\Epic Games\UE_4.22\Engine\Intermediate\Build\Win64\UE4Editor\Inc\Engine\Character.generated.h
[2019.11.29-20.26.12:453][106]CompilerResultsLog:   Observa??o: incluindo arquivo:   C:\Users\Pedro Santos\Unreal\5th Semester\RaceZone\ZombieGame\Intermediate\Build\Win64\UE4Editor\Inc\ZombieGame\Avatar.generated.h
[2019.11.29-20.26.12:453][106]CompilerResultsLog:   Observa??o: incluindo arquivo:  C:\Users\Pedro Santos\Unreal\5th Semester\RaceZone\ZombieGame\Intermediate\Build\Win64\UE4Editor\Inc\ZombieGame\BallPlayer.generated.h
[2019.11.29-20.26.12:453][106]CompilerResultsLog:   Observa??o: incluindo arquivo: C:\Program Files (x86)\Microsoft Visual Studio\2019\Community\VC\Tools\MSVC\14.22.27905\INCLUDE\cmath
[2019.11.29-20.26.12:453][106]CompilerResultsLog:   Observa??o: incluindo arquivo:  C:\Program Files (x86)\Microsoft Visual Studio\2019\Community\VC\Tools\MSVC\14.22.27905\INCLUDE\xtgmath.h
[2019.11.29-20.26.12:453][106]CompilerResultsLog:   Observa??o: incluindo arquivo: C:\Program Files (x86)\Microsoft Visual Studio\2019\Community\VC\Tools\MSVC\14.22.27905\INCLUDE\iostream
[2019.11.29-20.26.12:453][106]CompilerResultsLog:   Observa??o: incluindo arquivo:  C:\Program Files (x86)\Microsoft Visual Studio\2019\Community\VC\Tools\MSVC\14.22.27905\INCLUDE\istream
[2019.11.29-20.26.12:453][106]CompilerResultsLog:   Observa??o: incluindo arquivo:   C:\Program Files (x86)\Microsoft Visual Studio\2019\Community\VC\Tools\MSVC\14.22.27905\INCLUDE\ostream
[2019.11.29-20.26.12:454][106]CompilerResultsLog:   Observa??o: incluindo arquivo:    C:\Program Files (x86)\Microsoft Visual Studio\2019\Community\VC\Tools\MSVC\14.22.27905\INCLUDE\ios
[2019.11.29-20.26.12:454][106]CompilerResultsLog:   Observa??o: incluindo arquivo:     C:\Program Files (x86)\Microsoft Visual Studio\2019\Community\VC\Tools\MSVC\14.22.27905\INCLUDE\xlocnum
[2019.11.29-20.26.12:454][106]CompilerResultsLog:   Observa??o: incluindo arquivo:      C:\Program Files (x86)\Microsoft Visual Studio\2019\Community\VC\Tools\MSVC\14.22.27905\INCLUDE\climits
[2019.11.29-20.26.12:454][106]CompilerResultsLog:   Observa??o: incluindo arquivo:      C:\Program Files (x86)\Microsoft Visual Studio\2019\Community\VC\Tools\MSVC\14.22.27905\INCLUDE\cstdio
[2019.11.29-20.26.12:454][106]CompilerResultsLog:   Observa??o: incluindo arquivo:      C:\Program Files (x86)\Microsoft Visual Studio\2019\Community\VC\Tools\MSVC\14.22.27905\INCLUDE\streambuf
[2019.11.29-20.26.12:454][106]CompilerResultsLog:   Observa??o: incluindo arquivo:       C:\Program Files (x86)\Microsoft Visual Studio\2019\Community\VC\Tools\MSVC\14.22.27905\INCLUDE\xiosbase
[2019.11.29-20.26.12:454][106]CompilerResultsLog:   Observa??o: incluindo arquivo:        C:\Program Files (x86)\Windows Kits\10\include\10.0.18362.0\ucrt\share.h
[2019.11.29-20.26.12:454][106]CompilerResultsLog:   Observa??o: incluindo arquivo:        C:\Program Files (x86)\Microsoft Visual Studio\2019\Community\VC\Tools\MSVC\14.22.27905\INCLUDE\system_error
[2019.11.29-20.26.12:454][106]CompilerResultsLog:   Observa??o: incluindo arquivo:         C:\Program Files (x86)\Microsoft Visual Studio\2019\Community\VC\Tools\MSVC\14.22.27905\INCLUDE\cerrno
[2019.11.29-20.26.12:454][106]CompilerResultsLog:   Observa??o: incluindo arquivo:         C:\Program Files (x86)\Microsoft Visual Studio\2019\Community\VC\Tools\MSVC\14.22.27905\INCLUDE\stdexcept
[2019.11.29-20.26.12:454][106]CompilerResultsLog:   Observa??o: incluindo arquivo:          C:\Program Files (x86)\Microsoft Visual Studio\2019\Community\VC\Tools\MSVC\14.22.27905\INCLUDE\xstring
[2019.11.29-20.26.12:454][106]CompilerResultsLog:   Observa??o: incluindo arquivo:           C:\Program Files (x86)\Microsoft Visual Studio\2019\Community\VC\Tools\MSVC\14.22.27905\INCLUDE\iosfwd
[2019.11.29-20.26.12:454][106]CompilerResultsLog:   Observa??o: incluindo arquivo:            C:\Program Files (x86)\Microsoft Visual Studio\2019\Community\VC\Tools\MSVC\14.22.27905\INCLUDE\cstring
[2019.11.29-20.26.12:454][106]CompilerResultsLog:   Observa??o: incluindo arquivo:            C:\Program Files (x86)\Microsoft Visual Studio\2019\Community\VC\Tools\MSVC\14.22.27905\INCLUDE\cwchar
[2019.11.29-20.26.12:454][106]CompilerResultsLog:   Observa??o: incluindo arquivo:           C:\Program Files (x86)\Microsoft Visual Studio\2019\Community\VC\Tools\MSVC\14.22.27905\INCLUDE\xmemory
[2019.11.29-20.26.12:454][106]CompilerResultsLog:   Observa??o: incluindo arquivo:            C:\Program Files (x86)\Microsoft Visual Studio\2019\Community\VC\Tools\MSVC\14.22.27905\INCLUDE\cstdint
[2019.11.29-20.26.12:454][106]CompilerResultsLog:   Observa??o: incluindo arquivo:            C:\Program Files (x86)\Microsoft Visual Studio\2019\Community\VC\Tools\MSVC\14.22.27905\INCLUDE\limits
[2019.11.29-20.26.12:454][106]CompilerResultsLog:   Observa??o: incluindo arquivo:             C:\Program Files (x86)\Microsoft Visual Studio\2019\Community\VC\Tools\MSVC\14.22.27905\INCLUDE\cfloat
[2019.11.29-20.26.12:454][106]CompilerResultsLog:   Observa??o: incluindo arquivo:            C:\Program Files (x86)\Microsoft Visual Studio\2019\Community\VC\Tools\MSVC\14.22.27905\INCLUDE\xatomic.h
[2019.11.29-20.26.12:454][106]CompilerResultsLog:   Observa??o: incluindo arquivo:            C:\Program Files (x86)\Microsoft Visual Studio\2019\Community\VC\Tools\MSVC\14.22.27905\INCLUDE\xutility
[2019.11.29-20.26.12:454][106]CompilerResultsLog:   Observa??o: incluindo arquivo:             C:\Program Files (x86)\Microsoft Visual Studio\2019\Community\VC\Tools\MSVC\14.22.27905\INCLUDE\utility
[2019.11.29-20.26.12:454][106]CompilerResultsLog:   Observa??o: incluindo arquivo:         C:\Program Files (x86)\Microsoft Visual Studio\2019\Community\VC\Tools\MSVC\14.22.27905\INCLUDE\xcall_once.h
[2019.11.29-20.26.12:454][106]CompilerResultsLog:   Observa??o: incluindo arquivo:         C:\Program Files (x86)\Microsoft Visual Studio\2019\Community\VC\Tools\MSVC\14.22.27905\INCLUDE\xerrc.h
[2019.11.29-20.26.12:454][106]CompilerResultsLog:   Observa??o: incluindo arquivo:        C:\Program Files (x86)\Microsoft Visual Studio\2019\Community\VC\Tools\MSVC\14.22.27905\INCLUDE\xlocale
[2019.11.29-20.26.12:454][106]CompilerResultsLog:   Observa??o: incluindo arquivo:         C:\Program Files (x86)\Microsoft Visual Studio\2019\Community\VC\Tools\MSVC\14.22.27905\INCLUDE\memory
[2019.11.29-20.26.12:454][106]CompilerResultsLog:   Observa??o: incluindo arquivo:          C:\Program Files (x86)\Microsoft Visual Studio\2019\Community\VC\Tools\MSVC\14.22.27905\INCLUDE\typeinfo
[2019.11.29-20.26.12:454][106]CompilerResultsLog:   Observa??o: incluindo arquivo:           C:\Program Files (x86)\Microsoft Visual Studio\2019\Community\VC\Tools\MSVC\14.22.27905\INCLUDE\vcruntime_typeinfo.h
[2019.11.29-20.26.12:454][106]CompilerResultsLog:   Observa??o: incluindo arquivo:         C:\Program Files (x86)\Microsoft Visual Studio\2019\Community\VC\Tools\MSVC\14.22.27905\INCLUDE\xfacet
[2019.11.29-20.26.12:454][106]CompilerResultsLog:   Observa??o: incluindo arquivo:         C:\Program Files (x86)\Microsoft Visual Studio\2019\Community\VC\Tools\MSVC\14.22.27905\INCLUDE\xlocinfo
[2019.11.29-20.26.12:454][106]CompilerResultsLog:   Observa??o: incluindo arquivo:          C:\Program Files (x86)\Microsoft Visual Studio\2019\Community\VC\Tools\MSVC\14.22.27905\INCLUDE\xlocinfo.h
[2019.11.29-20.26.12:454][106]CompilerResultsLog:   Observa??o: incluindo arquivo:           C:\Program Files (x86)\Windows Kits\10\include\10.0.18362.0\ucrt\locale.h
[2019.11.29-20.26.12:454][106]CompilerResultsLog:   Observa??o: incluindo arquivo: C:\Users\Pedro Santos\Unreal\5th Semester\RaceZone\ZombieGame\Source\ZombieGame\Laps.h
[2019.11.29-20.26.12:454][106]CompilerResultsLog:   Observa??o: incluindo arquivo:  C:\Users\Pedro Santos\Unreal\5th Semester\RaceZone\ZombieGame\Intermediate\Build\Win64\UE4Editor\Inc\ZombieGame\Laps.generated.h
[2019.11.29-20.26.12:454][106]CompilerResultsLog:   Observa??o: incluindo arquivo: C:\Program Files\Epic Games\UE_4.22\Engine\Source\Runtime\Engine\Classes\Kismet/GameplayStatics.h
[2019.11.29-20.26.12:455][106]CompilerResultsLog:   Observa??o: incluindo arquivo:  C:\Program Files\Epic Games\UE_4.22\Engine\Source\Runtime\Engine\Classes\Kismet/KismetSystemLibrary.h
[2019.11.29-20.26.12:455][106]CompilerResultsLog:   Observa??o: incluindo arquivo:   C:\Program Files\Epic Games\UE_4.22\Engine\Source\Runtime\Engine\Classes\Engine/CollisionProfile.h
[2019.11.29-20.26.12:455][106]CompilerResultsLog:   Observa??o: incluindo arquivo:    C:\Program Files\Epic Games\UE_4.22\Engine\Intermediate\Build\Win64\UE4Editor\Inc\Engine\CollisionProfile.generated.h
[2019.11.29-20.26.12:455][106]CompilerResultsLog:   Observa??o: incluindo arquivo:   C:\Program Files\Epic Games\UE_4.22\Engine\Intermediate\Build\Win64\UE4Editor\Inc\Engine\KismetSystemLibrary.generated.h
[2019.11.29-20.26.12:455][106]CompilerResultsLog:   Observa??o: incluindo arquivo:  C:\Program Files\Epic Games\UE_4.22\Engine\Source\Runtime\Engine\Classes\Sound/DialogueTypes.h
[2019.11.29-20.26.12:455][106]CompilerResultsLog:   Observa??o: incluindo arquivo:   C:\Program Files\Epic Games\UE_4.22\Engine\Intermediate\Build\Win64\UE4Editor\Inc\Engine\DialogueTypes.generated.h
[2019.11.29-20.26.12:455][106]CompilerResultsLog:   Observa??o: incluindo arquivo:  C:\Program Files\Epic Games\UE_4.22\Engine\Source\Runtime\Engine\Classes\Kismet\GameplayStaticsTypes.h
[2019.11.29-20.26.12:455][106]CompilerResultsLog:   Observa??o: incluindo arquivo:   C:\Program Files\Epic Games\UE_4.22\Engine\Intermediate\Build\Win64\UE4Editor\Inc\Engine\GameplayStaticsTypes.generated.h
[2019.11.29-20.26.12:455][106]CompilerResultsLog:   Observa??o: incluindo arquivo:  C:\Program Files\Epic Games\UE_4.22\Engine\Intermediate\Build\Win64\UE4Editor\Inc\Engine\GameplayStatics.generated.h
[2019.11.29-20.26.12:455][106]CompilerResultsLog:   [3/5] UE4Editor-ZombieGame-1226.lib
[2019.11.29-20.26.12:455][106]CompilerResultsLog:      Criando biblioteca C:\Users\Pedro Santos\Unreal\5th Semester\RaceZone\ZombieGame\Intermediate\Build\Win64\UE4Editor\Development\ZombieGame\UE4Editor-ZombieGame-1226.lib e objeto C:\Users\Pedro Santos\Unreal\5th Semester\RaceZone\ZombieGame\Intermediate\Build\Win64\UE4Editor\Development\ZombieGame\UE4Editor-ZombieGame-1226.exp
[2019.11.29-20.26.12:455][106]CompilerResultsLog:   [4/5] UE4Editor-ZombieGame-1226.dll
[2019.11.29-20.26.12:455][106]CompilerResultsLog:      Criando biblioteca C:\Users\Pedro Santos\Unreal\5th Semester\RaceZone\ZombieGame\Intermediate\Build\Win64\UE4Editor\Development\ZombieGame\UE4Editor-ZombieGame-1226.suppressed.lib e objeto C:\Users\Pedro Santos\Unreal\5th Semester\RaceZone\ZombieGame\Intermediate\Build\Win64\UE4Editor\Development\ZombieGame\UE4Editor-ZombieGame-1226.suppressed.exp
[2019.11.29-20.26.12:455][106]CompilerResultsLog:   [5/5] ZombieGameEditor.target
[2019.11.29-20.26.12:455][106]CompilerResultsLog: Total time in Parallel executor: 18,27 seconds
[2019.11.29-20.26.12:455][106]CompilerResultsLog: Total execution time: 34,63 seconds
[2019.11.29-20.26.12:455][106]LogMainFrame: MainFrame: Module compiling took 34.835 seconds
[2019.11.29-20.26.12:490][106]LogUObjectHash: Compacting FUObjectHashTables data took   1.42ms
[2019.11.29-20.26.12:896][106]LogHotReload: Re-instancing BallPlayer after hot-reload.
[2019.11.29-20.26.13:038][106]LogContentBrowser: Native class hierarchy updated for 'ZombieGame' in 0.0007 seconds. Added 7 classes and 2 folders.
[2019.11.29-20.26.13:043][106]Display: HotReload successful (2 functions remapped  0 scriptstructs remapped)
[2019.11.29-20.26.13:174][106]LogUObjectHash: Compacting FUObjectHashTables data took   1.44ms
[2019.11.29-20.26.13:187][106]LogContentBrowser: Native class hierarchy populated in 0.0096 seconds. Added 2740 classes and 663 folders.
[2019.11.29-20.26.13:380][106]Display: HotReload took 35.8s.
[2019.11.29-20.26.15:208][211]LogRenderer: Reallocating scene render targets to support 972x448 Format 10 NumSamples 1 (Frame:2208).
[2019.11.29-20.26.16:336][275]LogTemp: Repeating last play command: New Editor Window (PIE)
[2019.11.29-20.26.16:356][275]LogBlueprintUserMessages: Early PlayInEditor Detection: Level '/Game/StarterContent/Maps/Minimal_Default.Minimal_Default:PersistentLevel' has LevelScriptBlueprint '/Game/StarterContent/Maps/Minimal_Default.Minimal_Default:PersistentLevel.Minimal_Default' with GeneratedClass '/Game/StarterContent/Maps/Minimal_Default.Minimal_Default_C' with ClassGeneratedBy '/Game/StarterContent/Maps/Minimal_Default.Minimal_Default:PersistentLevel.Minimal_Default'
[2019.11.29-20.26.16:356][275]LogPlayLevel: PlayLevel: No blueprints needed recompiling
[2019.11.29-20.26.16:356][275]PIE: New page: PIE session: Minimal_Default (29/11/2019, 20:26:16)
[2019.11.29-20.26.16:369][275]LogPlayLevel: Creating play world package: /Game/StarterContent/Maps/UEDPIE_1_Minimal_Default
[2019.11.29-20.26.16:645][275]LogPlayLevel: PIE: StaticDuplicateObject took: (0.274890s)
[2019.11.29-20.26.16:646][275]LogAIModule: Creating AISystem for world Minimal_Default
[2019.11.29-20.26.16:647][275]LogPlayLevel: PIE: World Init took: (0.001327s)
[2019.11.29-20.26.16:647][275]LogPlayLevel: PIE: Created PIE world by copying editor world from /Game/StarterContent/Maps/Minimal_Default.Minimal_Default to /Game/StarterContent/Maps/UEDPIE_1_Minimal_Default.Minimal_Default (0.276727s)
[2019.11.29-20.26.16:679][275]LogUObjectHash: Compacting FUObjectHashTables data took   1.52ms
[2019.11.29-20.26.16:700][275]LogInit: XAudio2 using 'Altifalantes (Realtek High Definition Audio)' : 2 channels at 44.1 kHz using 16 bits per sample (channel mask 0x3)
[2019.11.29-20.26.16:770][275]LogInit: FAudioDevice initialized.
[2019.11.29-20.26.16:779][275]LogSlate: Updating window title bar state: overlay mode, drag disabled, window buttons hidden, title bar hidden
[2019.11.29-20.26.18:542][275]LogWindows: Error: === Critical error: ===
[2019.11.29-20.26.18:542][275]LogWindows: Error: 
[2019.11.29-20.26.18:542][275]LogWindows: Error: Fatal error!
[2019.11.29-20.26.18:542][275]LogWindows: Error: 
[2019.11.29-20.26.18:542][275]LogWindows: Error: Unhandled Exception: EXCEPTION_ACCESS_VIOLATION 0x00000001
[2019.11.29-20.26.18:542][275]LogWindows: Error: 
[2019.11.29-20.26.18:542][275]LogWindows: Error: [Callstack] 0x0000000000000001 UnknownFunction []
[2019.11.29-20.26.18:542][275]LogWindows: Error: [Callstack] 0x00007ffc8aeb8afb UE4Editor-Engine.dll!UnknownFunction []
[2019.11.29-20.26.18:542][275]LogWindows: Error: [Callstack] 0x00007ffc8368b07d UE4Editor-UnrealEd.dll!UnknownFunction []
[2019.11.29-20.26.18:542][275]LogWindows: Error: [Callstack] 0x00007ffc816485fe UE4Editor-Kismet.dll!UnknownFunction []
[2019.11.29-20.26.18:542][275]LogWindows: Error: [Callstack] 0x00007ffc815ff561 UE4Editor-Kismet.dll!UnknownFunction []
[2019.11.29-20.26.18:543][275]LogWindows: Error: [Callstack] 0x00007ffc815fc325 UE4Editor-Kismet.dll!UnknownFunction []
[2019.11.29-20.26.18:543][275]LogWindows: Error: [Callstack] 0x00007ffc8a1c3bcb UE4Editor-Engine.dll!UnknownFunction []
[2019.11.29-20.26.18:543][275]LogWindows: Error: [Callstack] 0x00007ffc8d46b6ea UE4Editor-CoreUObject.dll!UnknownFunction []
[2019.11.29-20.26.18:543][275]LogWindows: Error: [Callstack] 0x00007ffc8d60425c UE4Editor-CoreUObject.dll!UnknownFunction []
[2019.11.29-20.26.18:543][275]LogWindows: Error: [Callstack] 0x00007ffc8d626262 UE4Editor-CoreUObject.dll!UnknownFunction []
[2019.11.29-20.26.18:543][275]LogWindows: Error: [Callstack] 0x00007ffc8d602c85 UE4Editor-CoreUObject.dll!UnknownFunction []
[2019.11.29-20.26.18:543][275]LogWindows: Error: [Callstack] 0x00007ffc8d6046cb UE4Editor-CoreUObject.dll!UnknownFunction []
[2019.11.29-20.26.18:543][275]LogWindows: Error: [Callstack] 0x00007ffc8d626cd2 UE4Editor-CoreUObject.dll!UnknownFunction []
[2019.11.29-20.26.18:543][275]LogWindows: Error: [Callstack] 0x00007ffc8d728c07 UE4Editor-CoreUObject.dll!UnknownFunction []
[2019.11.29-20.26.18:543][275]LogWindows: Error: [Callstack] 0x00007ffc8d650a27 UE4Editor-CoreUObject.dll!UnknownFunction []
[2019.11.29-20.26.18:543][275]LogWindows: Error: [Callstack] 0x00007ffc8d64f0e2 UE4Editor-CoreUObject.dll!UnknownFunction []
[2019.11.29-20.26.18:543][275]LogWindows: Error: [Callstack] 0x00007ffc8d650c34 UE4Editor-CoreUObject.dll!UnknownFunction []
[2019.11.29-20.26.18:543][275]LogWindows: Error: [Callstack] 0x00007ffc8d64f0e2 UE4Editor-CoreUObject.dll!UnknownFunction []
[2019.11.29-20.26.18:543][275]LogWindows: Error: [Callstack] 0x00007ffc8d64e9ff UE4Editor-CoreUObject.dll!UnknownFunction []
[2019.11.29-20.26.18:543][275]LogWindows: Error: [Callstack] 0x00007ffc8d61024a UE4Editor-CoreUObject.dll!UnknownFunction []
[2019.11.29-20.26.18:543][275]LogWindows: Error: [Callstack] 0x00007ffc8d64de76 UE4Editor-CoreUObject.dll!UnknownFunction []
[2019.11.29-20.26.18:543][275]LogWindows: Error: [Callstack] 0x00007ffc8d605e11 UE4Editor-CoreUObject.dll!UnknownFunction []
[2019.11.29-20.26.18:543][275]LogWindows: Error: [Callstack] 0x00007ffc8d61c00b UE4Editor-CoreUObject.dll!UnknownFunction []
[2019.11.29-20.26.18:543][275]LogWindows: Error: [Callstack] 0x00007ffc8d7288c5 UE4Editor-CoreUObject.dll!UnknownFunction []
[2019.11.29-20.26.18:543][275]LogWindows: Error: [Callstack] 0x00007ffc8d727d9a UE4Editor-CoreUObject.dll!UnknownFunction []
[2019.11.29-20.26.18:543][275]LogWindows: Error: [Callstack] 0x00007ffc8d735d69 UE4Editor-CoreUObject.dll!UnknownFunction []
[2019.11.29-20.26.18:543][275]LogWindows: Error: [Callstack] 0x00007ffc8d73db1b UE4Editor-CoreUObject.dll!UnknownFunction []
[2019.11.29-20.26.18:543][275]LogWindows: Error: [Callstack] 0x00007ffc8d73d2e3 UE4Editor-CoreUObject.dll!UnknownFunction []
[2019.11.29-20.26.18:543][275]LogWindows: Error: [Callstack] 0x00007ffc8d73cd58 UE4Editor-CoreUObject.dll!UnknownFunction []
[2019.11.29-20.26.18:543][275]LogWindows: Error: [Callstack] 0x00007ffc8a52b6e2 UE4Editor-Engine.dll!UnknownFunction []
[2019.11.29-20.26.18:543][275]LogWindows: Error: [Callstack] 0x00007ffc8b015443 UE4Editor-Engine.dll!UnknownFunction []
[2019.11.29-20.26.18:543][275]LogWindows: Error: [Callstack] 0x00007ffc8a55972d UE4Editor-Engine.dll!UnknownFunction []
[2019.11.29-20.26.18:543][275]LogWindows: Error: [Callstack] 0x00007ffc837abe44 UE4Editor-UnrealEd.dll!UnknownFunction []
[2019.11.29-20.26.18:543][275]LogWindows: Error: [Callstack] 0x00007ffc837e28e9 UE4Editor-UnrealEd.dll!UnknownFunction []
[2019.11.29-20.26.18:543][275]LogWindows: Error: [Callstack] 0x00007ffc837cafd9 UE4Editor-UnrealEd.dll!UnknownFunction []
[2019.11.29-20.26.18:543][275]LogWindows: Error: [Callstack] 0x00007ffc837e319f UE4Editor-UnrealEd.dll!UnknownFunction []
[2019.11.29-20.26.18:543][275]LogWindows: Error: [Callstack] 0x00007ffc832bfc4a UE4Editor-UnrealEd.dll!UnknownFunction []
[2019.11.29-20.26.18:543][275]LogWindows: Error: [Callstack] 0x00007ffc83add396 UE4Editor-UnrealEd.dll!UnknownFunction []
[2019.11.29-20.26.18:543][275]LogWindows: Error: [Callstack] 0x00007ff65aee6bb1 UE4Editor.exe!UnknownFunction []
[2019.11.29-20.26.18:543][275]LogWindows: Error: [Callstack] 0x00007ff65aef554c UE4Editor.exe!UnknownFunction []
[2019.11.29-20.26.18:543][275]LogWindows: Error: [Callstack] 0x00007ff65aef55ca UE4Editor.exe!UnknownFunction []
[2019.11.29-20.26.18:543][275]LogWindows: Error: [Callstack] 0x00007ff65af0316c UE4Editor.exe!UnknownFunction []
[2019.11.29-20.26.18:543][275]LogWindows: Error: [Callstack] 0x00007ff65af05b8e UE4Editor.exe!UnknownFunction []
[2019.11.29-20.26.18:543][275]LogWindows: Error: [Callstack] 0x00007ffcc6f67bd4 KERNEL32.DLL!UnknownFunction []
[2019.11.29-20.26.18:543][275]LogWindows: Error: [Callstack] 0x00007ffcc8b4ced1 ntdll.dll!UnknownFunction []
[2019.11.29-20.26.18:543][275]LogWindows: Error: 
[2019.11.29-20.26.18:552][275]LogExit: Executing StaticShutdownAfterError
